{"/home/charles/Hacktiv8/Phase3/TEST-CASE/server/app.js": {"path":"/home/charles/Hacktiv8/Phase3/TEST-CASE/server/app.js","statementMap":{"0":{"start":{"line":2,"column":16},"end":{"line":2,"column":34}},"1":{"start":{"line":3,"column":12},"end":{"line":3,"column":21}},"2":{"start":{"line":4,"column":13},"end":{"line":4,"column":28}},"3":{"start":{"line":5,"column":13},"end":{"line":5,"column":37}},"4":{"start":{"line":6,"column":13},"end":{"line":6,"column":40}},"5":{"start":{"line":8,"column":15},"end":{"line":8,"column":34}},"6":{"start":{"line":9,"column":11},"end":{"line":11,"column":2}},"7":{"start":{"line":14,"column":21},"end":{"line":14,"column":58}},"8":{"start":{"line":15,"column":0},"end":{"line":15,"column":24}},"9":{"start":{"line":16,"column":0},"end":{"line":16,"column":48}},"10":{"start":{"line":17,"column":0},"end":{"line":17,"column":24}},"11":{"start":{"line":18,"column":0},"end":{"line":18,"column":16}},"12":{"start":{"line":19,"column":0},"end":{"line":19,"column":16}},"13":{"start":{"line":20,"column":0},"end":{"line":20,"column":22}},"14":{"start":{"line":64,"column":0},"end":{"line":68,"column":1}},"15":{"start":{"line":65,"column":2},"end":{"line":67,"column":5}},"16":{"start":{"line":66,"column":4},"end":{"line":66,"column":66}},"17":{"start":{"line":70,"column":0},"end":{"line":70,"column":21}}},"fnMap":{"0":{"name":"(anonymous_0)","decl":{"start":{"line":65,"column":20},"end":{"line":65,"column":21}},"loc":{"start":{"line":65,"column":26},"end":{"line":67,"column":3}},"line":65}},"branchMap":{"0":{"loc":{"start":{"line":5,"column":13},"end":{"line":5,"column":37}},"type":"binary-expr","locations":[{"start":{"line":5,"column":13},"end":{"line":5,"column":29}},{"start":{"line":5,"column":33},"end":{"line":5,"column":37}}],"line":5},"1":{"loc":{"start":{"line":64,"column":0},"end":{"line":68,"column":1}},"type":"if","locations":[{"start":{"line":64,"column":0},"end":{"line":68,"column":1}},{"start":{"line":64,"column":0},"end":{"line":68,"column":1}}],"line":64}},"s":{"0":6,"1":6,"2":6,"3":6,"4":6,"5":6,"6":6,"7":6,"8":6,"9":6,"10":6,"11":6,"12":6,"13":6,"14":6,"15":0,"16":0,"17":6},"f":{"0":0},"b":{"0":[6,6],"1":[0,6]},"_coverageSchema":"1a1c01bbd47fc00a2c39e90264f33305004495a9","hash":"bf301fe5a59ba0ce669df6b38547055d808b7d3a"}
,"/home/charles/Hacktiv8/Phase3/TEST-CASE/server/controllers/agencyController.js": {"path":"/home/charles/Hacktiv8/Phase3/TEST-CASE/server/controllers/agencyController.js","statementMap":{"0":{"start":{"line":1,"column":19},"end":{"line":1,"column":39}},"1":{"start":{"line":2,"column":16},"end":{"line":2,"column":44}},"2":{"start":{"line":3,"column":26},"end":{"line":3,"column":64}},"3":{"start":{"line":4,"column":17},"end":{"line":4,"column":46}},"4":{"start":{"line":16,"column":8},"end":{"line":16,"column":16}},"5":{"start":{"line":17,"column":4},"end":{"line":28,"column":8}},"6":{"start":{"line":27,"column":8},"end":{"line":27,"column":37}},"7":{"start":{"line":36,"column":32},"end":{"line":36,"column":40}},"8":{"start":{"line":37,"column":4},"end":{"line":57,"column":8}},"9":{"start":{"line":39,"column":8},"end":{"line":56,"column":9}},"10":{"start":{"line":40,"column":10},"end":{"line":40,"column":51}},"11":{"start":{"line":42,"column":24},"end":{"line":42,"column":39}},"12":{"start":{"line":43,"column":10},"end":{"line":55,"column":13}},"13":{"start":{"line":65,"column":4},"end":{"line":79,"column":8}},"14":{"start":{"line":78,"column":8},"end":{"line":78,"column":39}},"15":{"start":{"line":87,"column":19},"end":{"line":87,"column":29}},"16":{"start":{"line":88,"column":4},"end":{"line":95,"column":8}},"17":{"start":{"line":90,"column":8},"end":{"line":94,"column":9}},"18":{"start":{"line":91,"column":10},"end":{"line":91,"column":42}},"19":{"start":{"line":93,"column":10},"end":{"line":93,"column":39}},"20":{"start":{"line":103,"column":19},"end":{"line":103,"column":29}},"21":{"start":{"line":112,"column":8},"end":{"line":112,"column":16}},"22":{"start":{"line":113,"column":4},"end":{"line":137,"column":8}},"23":{"start":{"line":115,"column":8},"end":{"line":131,"column":9}},"24":{"start":{"line":116,"column":10},"end":{"line":116,"column":48}},"25":{"start":{"line":118,"column":26},"end":{"line":118,"column":44}},"26":{"start":{"line":119,"column":10},"end":{"line":130,"column":12}},"27":{"start":{"line":134,"column":8},"end":{"line":136,"column":9}},"28":{"start":{"line":135,"column":10},"end":{"line":135,"column":68}},"29":{"start":{"line":145,"column":19},"end":{"line":145,"column":29}},"30":{"start":{"line":146,"column":4},"end":{"line":158,"column":8}},"31":{"start":{"line":148,"column":8},"end":{"line":152,"column":9}},"32":{"start":{"line":149,"column":10},"end":{"line":149,"column":48}},"33":{"start":{"line":151,"column":10},"end":{"line":151,"column":51}},"34":{"start":{"line":155,"column":8},"end":{"line":157,"column":9}},"35":{"start":{"line":156,"column":10},"end":{"line":156,"column":68}},"36":{"start":{"line":166,"column":0},"end":{"line":166,"column":34}}},"fnMap":{"0":{"name":"(anonymous_0)","decl":{"start":{"line":7,"column":2},"end":{"line":7,"column":3}},"loc":{"start":{"line":7,"column":40},"end":{"line":33,"column":3}},"line":7},"1":{"name":"(anonymous_1)","decl":{"start":{"line":26,"column":12},"end":{"line":26,"column":13}},"loc":{"start":{"line":26,"column":24},"end":{"line":28,"column":7}},"line":26},"2":{"name":"(anonymous_2)","decl":{"start":{"line":35,"column":2},"end":{"line":35,"column":3}},"loc":{"start":{"line":35,"column":37},"end":{"line":62,"column":3}},"line":35},"3":{"name":"(anonymous_3)","decl":{"start":{"line":38,"column":12},"end":{"line":38,"column":13}},"loc":{"start":{"line":38,"column":24},"end":{"line":57,"column":7}},"line":38},"4":{"name":"(anonymous_4)","decl":{"start":{"line":64,"column":2},"end":{"line":64,"column":3}},"loc":{"start":{"line":64,"column":40},"end":{"line":84,"column":3}},"line":64},"5":{"name":"(anonymous_5)","decl":{"start":{"line":77,"column":12},"end":{"line":77,"column":13}},"loc":{"start":{"line":77,"column":26},"end":{"line":79,"column":7}},"line":77},"6":{"name":"(anonymous_6)","decl":{"start":{"line":86,"column":2},"end":{"line":86,"column":3}},"loc":{"start":{"line":86,"column":39},"end":{"line":100,"column":3}},"line":86},"7":{"name":"(anonymous_7)","decl":{"start":{"line":89,"column":12},"end":{"line":89,"column":13}},"loc":{"start":{"line":89,"column":24},"end":{"line":95,"column":7}},"line":89},"8":{"name":"(anonymous_8)","decl":{"start":{"line":102,"column":2},"end":{"line":102,"column":3}},"loc":{"start":{"line":102,"column":42},"end":{"line":142,"column":3}},"line":102},"9":{"name":"(anonymous_9)","decl":{"start":{"line":114,"column":12},"end":{"line":114,"column":13}},"loc":{"start":{"line":114,"column":23},"end":{"line":132,"column":7}},"line":114},"10":{"name":"(anonymous_10)","decl":{"start":{"line":133,"column":12},"end":{"line":133,"column":13}},"loc":{"start":{"line":133,"column":22},"end":{"line":137,"column":7}},"line":133},"11":{"name":"(anonymous_11)","decl":{"start":{"line":144,"column":2},"end":{"line":144,"column":3}},"loc":{"start":{"line":144,"column":36},"end":{"line":163,"column":3}},"line":144},"12":{"name":"(anonymous_12)","decl":{"start":{"line":147,"column":12},"end":{"line":147,"column":13}},"loc":{"start":{"line":147,"column":23},"end":{"line":153,"column":7}},"line":147},"13":{"name":"(anonymous_13)","decl":{"start":{"line":154,"column":12},"end":{"line":154,"column":13}},"loc":{"start":{"line":154,"column":22},"end":{"line":158,"column":7}},"line":154}},"branchMap":{"0":{"loc":{"start":{"line":39,"column":8},"end":{"line":56,"column":9}},"type":"if","locations":[{"start":{"line":39,"column":8},"end":{"line":56,"column":9}},{"start":{"line":39,"column":8},"end":{"line":56,"column":9}}],"line":39},"1":{"loc":{"start":{"line":39,"column":12},"end":{"line":39,"column":68}},"type":"binary-expr","locations":[{"start":{"line":39,"column":12},"end":{"line":39,"column":19}},{"start":{"line":39,"column":23},"end":{"line":39,"column":68}}],"line":39},"2":{"loc":{"start":{"line":90,"column":8},"end":{"line":94,"column":9}},"type":"if","locations":[{"start":{"line":90,"column":8},"end":{"line":94,"column":9}},{"start":{"line":90,"column":8},"end":{"line":94,"column":9}}],"line":90},"3":{"loc":{"start":{"line":115,"column":8},"end":{"line":131,"column":9}},"type":"if","locations":[{"start":{"line":115,"column":8},"end":{"line":131,"column":9}},{"start":{"line":115,"column":8},"end":{"line":131,"column":9}}],"line":115},"4":{"loc":{"start":{"line":134,"column":8},"end":{"line":136,"column":9}},"type":"if","locations":[{"start":{"line":134,"column":8},"end":{"line":136,"column":9}},{"start":{"line":134,"column":8},"end":{"line":136,"column":9}}],"line":134},"5":{"loc":{"start":{"line":148,"column":8},"end":{"line":152,"column":9}},"type":"if","locations":[{"start":{"line":148,"column":8},"end":{"line":152,"column":9}},{"start":{"line":148,"column":8},"end":{"line":152,"column":9}}],"line":148},"6":{"loc":{"start":{"line":155,"column":8},"end":{"line":157,"column":9}},"type":"if","locations":[{"start":{"line":155,"column":8},"end":{"line":157,"column":9}},{"start":{"line":155,"column":8},"end":{"line":157,"column":9}}],"line":155}},"s":{"0":6,"1":6,"2":6,"3":6,"4":1,"5":1,"6":1,"7":1,"8":1,"9":1,"10":0,"11":1,"12":1,"13":1,"14":1,"15":2,"16":2,"17":2,"18":1,"19":1,"20":1,"21":1,"22":1,"23":1,"24":0,"25":1,"26":1,"27":1,"28":1,"29":1,"30":1,"31":1,"32":0,"33":1,"34":1,"35":1,"36":6},"f":{"0":1,"1":1,"2":1,"3":1,"4":1,"5":1,"6":2,"7":2,"8":1,"9":1,"10":1,"11":1,"12":1,"13":1},"b":{"0":[0,1],"1":[1,1],"2":[1,1],"3":[0,1],"4":[1,0],"5":[0,1],"6":[1,0]},"_coverageSchema":"1a1c01bbd47fc00a2c39e90264f33305004495a9","hash":"10f03c9f9ce4c214c092f62702088cc4cc5157f5"}
,"/home/charles/Hacktiv8/Phase3/TEST-CASE/server/controllers/childController.js": {"path":"/home/charles/Hacktiv8/Phase3/TEST-CASE/server/controllers/childController.js","statementMap":{"0":{"start":{"line":1,"column":18},"end":{"line":1,"column":38}},"1":{"start":{"line":5,"column":4},"end":{"line":20,"column":9}},"2":{"start":{"line":16,"column":8},"end":{"line":16,"column":39}},"3":{"start":{"line":19,"column":8},"end":{"line":19,"column":18}},"4":{"start":{"line":24,"column":51},"end":{"line":24,"column":59}},"5":{"start":{"line":25,"column":21},"end":{"line":25,"column":38}},"6":{"start":{"line":27,"column":4},"end":{"line":33,"column":9}},"7":{"start":{"line":29,"column":8},"end":{"line":29,"column":36}},"8":{"start":{"line":32,"column":8},"end":{"line":32,"column":18}},"9":{"start":{"line":37,"column":0},"end":{"line":37,"column":33}}},"fnMap":{"0":{"name":"(anonymous_0)","decl":{"start":{"line":4,"column":2},"end":{"line":4,"column":3}},"loc":{"start":{"line":4,"column":40},"end":{"line":21,"column":3}},"line":4},"1":{"name":"(anonymous_1)","decl":{"start":{"line":15,"column":12},"end":{"line":15,"column":13}},"loc":{"start":{"line":15,"column":26},"end":{"line":17,"column":7}},"line":15},"2":{"name":"(anonymous_2)","decl":{"start":{"line":18,"column":13},"end":{"line":18,"column":14}},"loc":{"start":{"line":18,"column":22},"end":{"line":20,"column":7}},"line":18},"3":{"name":"(anonymous_3)","decl":{"start":{"line":23,"column":2},"end":{"line":23,"column":3}},"loc":{"start":{"line":23,"column":34},"end":{"line":34,"column":3}},"line":23},"4":{"name":"(anonymous_4)","decl":{"start":{"line":28,"column":12},"end":{"line":28,"column":13}},"loc":{"start":{"line":28,"column":23},"end":{"line":30,"column":7}},"line":28},"5":{"name":"(anonymous_5)","decl":{"start":{"line":31,"column":13},"end":{"line":31,"column":14}},"loc":{"start":{"line":31,"column":22},"end":{"line":33,"column":7}},"line":31}},"branchMap":{},"s":{"0":6,"1":1,"2":1,"3":0,"4":2,"5":2,"6":2,"7":1,"8":1,"9":6},"f":{"0":1,"1":1,"2":0,"3":2,"4":1,"5":1},"b":{},"_coverageSchema":"1a1c01bbd47fc00a2c39e90264f33305004495a9","hash":"ad925f232bdf1b0ef5fadf06d03b92785c6b8b72"}
,"/home/charles/Hacktiv8/Phase3/TEST-CASE/server/controllers/messageController.js": {"path":"/home/charles/Hacktiv8/Phase3/TEST-CASE/server/controllers/messageController.js","statementMap":{"0":{"start":{"line":1,"column":36},"end":{"line":1,"column":56}},"1":{"start":{"line":4,"column":21},"end":{"line":4,"column":38}},"2":{"start":{"line":5,"column":4},"end":{"line":39,"column":8}},"3":{"start":{"line":17,"column":29},"end":{"line":17,"column":31}},"4":{"start":{"line":18,"column":26},"end":{"line":18,"column":27}},"5":{"start":{"line":19,"column":8},"end":{"line":34,"column":9}},"6":{"start":{"line":19,"column":21},"end":{"line":19,"column":22}},"7":{"start":{"line":20,"column":10},"end":{"line":22,"column":11}},"8":{"start":{"line":21,"column":12},"end":{"line":21,"column":26}},"9":{"start":{"line":23,"column":10},"end":{"line":33,"column":11}},"10":{"start":{"line":27,"column":28},"end":{"line":27,"column":39}},"11":{"start":{"line":28,"column":12},"end":{"line":31,"column":15}},"12":{"start":{"line":32,"column":12},"end":{"line":32,"column":28}},"13":{"start":{"line":35,"column":8},"end":{"line":37,"column":11}},"14":{"start":{"line":36,"column":10},"end":{"line":36,"column":53}},"15":{"start":{"line":38,"column":8},"end":{"line":38,"column":45}},"16":{"start":{"line":43,"column":21},"end":{"line":43,"column":38}},"17":{"start":{"line":44,"column":4},"end":{"line":78,"column":8}},"18":{"start":{"line":56,"column":29},"end":{"line":56,"column":31}},"19":{"start":{"line":57,"column":26},"end":{"line":57,"column":27}},"20":{"start":{"line":58,"column":8},"end":{"line":73,"column":9}},"21":{"start":{"line":58,"column":21},"end":{"line":58,"column":22}},"22":{"start":{"line":59,"column":10},"end":{"line":61,"column":11}},"23":{"start":{"line":60,"column":12},"end":{"line":60,"column":26}},"24":{"start":{"line":62,"column":10},"end":{"line":72,"column":11}},"25":{"start":{"line":66,"column":28},"end":{"line":66,"column":39}},"26":{"start":{"line":67,"column":12},"end":{"line":70,"column":15}},"27":{"start":{"line":71,"column":12},"end":{"line":71,"column":28}},"28":{"start":{"line":74,"column":8},"end":{"line":76,"column":11}},"29":{"start":{"line":75,"column":10},"end":{"line":75,"column":53}},"30":{"start":{"line":77,"column":8},"end":{"line":77,"column":45}},"31":{"start":{"line":81,"column":21},"end":{"line":81,"column":38}},"32":{"start":{"line":82,"column":25},"end":{"line":82,"column":35}},"33":{"start":{"line":83,"column":4},"end":{"line":90,"column":8}},"34":{"start":{"line":89,"column":8},"end":{"line":89,"column":39}},"35":{"start":{"line":93,"column":21},"end":{"line":93,"column":38}},"36":{"start":{"line":94,"column":25},"end":{"line":94,"column":35}},"37":{"start":{"line":95,"column":4},"end":{"line":102,"column":8}},"38":{"start":{"line":101,"column":8},"end":{"line":101,"column":39}},"39":{"start":{"line":105,"column":21},"end":{"line":105,"column":38}},"40":{"start":{"line":106,"column":25},"end":{"line":106,"column":35}},"41":{"start":{"line":107,"column":32},"end":{"line":107,"column":40}},"42":{"start":{"line":108,"column":4},"end":{"line":114,"column":9}},"43":{"start":{"line":110,"column":8},"end":{"line":110,"column":38}},"44":{"start":{"line":113,"column":8},"end":{"line":113,"column":18}},"45":{"start":{"line":117,"column":21},"end":{"line":117,"column":38}},"46":{"start":{"line":118,"column":25},"end":{"line":118,"column":35}},"47":{"start":{"line":119,"column":32},"end":{"line":119,"column":40}},"48":{"start":{"line":120,"column":4},"end":{"line":123,"column":8}},"49":{"start":{"line":122,"column":8},"end":{"line":122,"column":38}},"50":{"start":{"line":126,"column":21},"end":{"line":126,"column":38}},"51":{"start":{"line":127,"column":25},"end":{"line":127,"column":35}},"52":{"start":{"line":128,"column":4},"end":{"line":131,"column":8}},"53":{"start":{"line":130,"column":8},"end":{"line":130,"column":76}},"54":{"start":{"line":134,"column":21},"end":{"line":134,"column":38}},"55":{"start":{"line":135,"column":25},"end":{"line":135,"column":35}},"56":{"start":{"line":136,"column":4},"end":{"line":139,"column":8}},"57":{"start":{"line":138,"column":8},"end":{"line":138,"column":76}},"58":{"start":{"line":142,"column":0},"end":{"line":142,"column":35}}},"fnMap":{"0":{"name":"(anonymous_0)","decl":{"start":{"line":3,"column":2},"end":{"line":3,"column":3}},"loc":{"start":{"line":3,"column":41},"end":{"line":41,"column":3}},"line":3},"1":{"name":"(anonymous_1)","decl":{"start":{"line":16,"column":12},"end":{"line":16,"column":13}},"loc":{"start":{"line":16,"column":26},"end":{"line":39,"column":7}},"line":16},"2":{"name":"(anonymous_2)","decl":{"start":{"line":35,"column":28},"end":{"line":35,"column":29}},"loc":{"start":{"line":35,"column":44},"end":{"line":37,"column":9}},"line":35},"3":{"name":"(anonymous_3)","decl":{"start":{"line":42,"column":2},"end":{"line":42,"column":3}},"loc":{"start":{"line":42,"column":41},"end":{"line":79,"column":3}},"line":42},"4":{"name":"(anonymous_4)","decl":{"start":{"line":55,"column":12},"end":{"line":55,"column":13}},"loc":{"start":{"line":55,"column":26},"end":{"line":78,"column":7}},"line":55},"5":{"name":"(anonymous_5)","decl":{"start":{"line":74,"column":28},"end":{"line":74,"column":29}},"loc":{"start":{"line":74,"column":44},"end":{"line":76,"column":9}},"line":74},"6":{"name":"(anonymous_6)","decl":{"start":{"line":80,"column":2},"end":{"line":80,"column":3}},"loc":{"start":{"line":80,"column":38},"end":{"line":91,"column":3}},"line":80},"7":{"name":"(anonymous_7)","decl":{"start":{"line":88,"column":12},"end":{"line":88,"column":13}},"loc":{"start":{"line":88,"column":26},"end":{"line":90,"column":7}},"line":88},"8":{"name":"(anonymous_8)","decl":{"start":{"line":92,"column":2},"end":{"line":92,"column":3}},"loc":{"start":{"line":92,"column":38},"end":{"line":103,"column":3}},"line":92},"9":{"name":"(anonymous_9)","decl":{"start":{"line":100,"column":12},"end":{"line":100,"column":13}},"loc":{"start":{"line":100,"column":26},"end":{"line":102,"column":7}},"line":100},"10":{"name":"(anonymous_10)","decl":{"start":{"line":104,"column":2},"end":{"line":104,"column":3}},"loc":{"start":{"line":104,"column":39},"end":{"line":115,"column":3}},"line":104},"11":{"name":"(anonymous_11)","decl":{"start":{"line":109,"column":12},"end":{"line":109,"column":13}},"loc":{"start":{"line":109,"column":25},"end":{"line":111,"column":7}},"line":109},"12":{"name":"(anonymous_12)","decl":{"start":{"line":112,"column":13},"end":{"line":112,"column":14}},"loc":{"start":{"line":112,"column":22},"end":{"line":114,"column":7}},"line":112},"13":{"name":"(anonymous_13)","decl":{"start":{"line":116,"column":2},"end":{"line":116,"column":3}},"loc":{"start":{"line":116,"column":39},"end":{"line":124,"column":3}},"line":116},"14":{"name":"(anonymous_14)","decl":{"start":{"line":121,"column":12},"end":{"line":121,"column":13}},"loc":{"start":{"line":121,"column":25},"end":{"line":123,"column":7}},"line":121},"15":{"name":"(anonymous_15)","decl":{"start":{"line":125,"column":2},"end":{"line":125,"column":3}},"loc":{"start":{"line":125,"column":44},"end":{"line":132,"column":3}},"line":125},"16":{"name":"(anonymous_16)","decl":{"start":{"line":129,"column":12},"end":{"line":129,"column":13}},"loc":{"start":{"line":129,"column":18},"end":{"line":131,"column":7}},"line":129},"17":{"name":"(anonymous_17)","decl":{"start":{"line":133,"column":2},"end":{"line":133,"column":3}},"loc":{"start":{"line":133,"column":44},"end":{"line":140,"column":3}},"line":133},"18":{"name":"(anonymous_18)","decl":{"start":{"line":137,"column":12},"end":{"line":137,"column":13}},"loc":{"start":{"line":137,"column":18},"end":{"line":139,"column":7}},"line":137}},"branchMap":{"0":{"loc":{"start":{"line":20,"column":10},"end":{"line":22,"column":11}},"type":"if","locations":[{"start":{"line":20,"column":10},"end":{"line":22,"column":11}},{"start":{"line":20,"column":10},"end":{"line":22,"column":11}}],"line":20},"1":{"loc":{"start":{"line":23,"column":10},"end":{"line":33,"column":11}},"type":"if","locations":[{"start":{"line":23,"column":10},"end":{"line":33,"column":11}},{"start":{"line":23,"column":10},"end":{"line":33,"column":11}}],"line":23},"2":{"loc":{"start":{"line":24,"column":12},"end":{"line":25,"column":61}},"type":"binary-expr","locations":[{"start":{"line":24,"column":12},"end":{"line":24,"column":37}},{"start":{"line":25,"column":12},"end":{"line":25,"column":61}}],"line":24},"3":{"loc":{"start":{"line":59,"column":10},"end":{"line":61,"column":11}},"type":"if","locations":[{"start":{"line":59,"column":10},"end":{"line":61,"column":11}},{"start":{"line":59,"column":10},"end":{"line":61,"column":11}}],"line":59},"4":{"loc":{"start":{"line":62,"column":10},"end":{"line":72,"column":11}},"type":"if","locations":[{"start":{"line":62,"column":10},"end":{"line":72,"column":11}},{"start":{"line":62,"column":10},"end":{"line":72,"column":11}}],"line":62},"5":{"loc":{"start":{"line":63,"column":12},"end":{"line":64,"column":61}},"type":"binary-expr","locations":[{"start":{"line":63,"column":12},"end":{"line":63,"column":37}},{"start":{"line":64,"column":12},"end":{"line":64,"column":61}}],"line":63}},"s":{"0":6,"1":1,"2":1,"3":1,"4":1,"5":1,"6":1,"7":0,"8":0,"9":0,"10":0,"11":0,"12":0,"13":1,"14":0,"15":1,"16":1,"17":1,"18":1,"19":1,"20":1,"21":1,"22":0,"23":0,"24":0,"25":0,"26":0,"27":0,"28":1,"29":0,"30":1,"31":1,"32":1,"33":1,"34":1,"35":1,"36":1,"37":1,"38":1,"39":1,"40":1,"41":1,"42":1,"43":1,"44":0,"45":1,"46":1,"47":1,"48":1,"49":1,"50":1,"51":1,"52":1,"53":1,"54":1,"55":1,"56":1,"57":1,"58":6},"f":{"0":1,"1":1,"2":0,"3":1,"4":1,"5":0,"6":1,"7":1,"8":1,"9":1,"10":1,"11":1,"12":0,"13":1,"14":1,"15":1,"16":1,"17":1,"18":1},"b":{"0":[0,0],"1":[0,0],"2":[0,0],"3":[0,0],"4":[0,0],"5":[0,0]},"_coverageSchema":"1a1c01bbd47fc00a2c39e90264f33305004495a9","hash":"706b9c2f92b7344086168ef63a8d83642b5009cc"}
,"/home/charles/Hacktiv8/Phase3/TEST-CASE/server/controllers/nannyController.js": {"path":"/home/charles/Hacktiv8/Phase3/TEST-CASE/server/controllers/nannyController.js","statementMap":{"0":{"start":{"line":1,"column":53},"end":{"line":1,"column":73}},"1":{"start":{"line":5,"column":4},"end":{"line":24,"column":8}},"2":{"start":{"line":23,"column":8},"end":{"line":23,"column":38}},"3":{"start":{"line":37,"column":8},"end":{"line":37,"column":16}},"4":{"start":{"line":39,"column":4},"end":{"line":51,"column":8}},"5":{"start":{"line":50,"column":8},"end":{"line":50,"column":36}},"6":{"start":{"line":64,"column":8},"end":{"line":64,"column":16}},"7":{"start":{"line":65,"column":21},"end":{"line":65,"column":38}},"8":{"start":{"line":67,"column":4},"end":{"line":80,"column":8}},"9":{"start":{"line":79,"column":8},"end":{"line":79,"column":36}},"10":{"start":{"line":84,"column":19},"end":{"line":84,"column":29}},"11":{"start":{"line":85,"column":4},"end":{"line":95,"column":8}},"12":{"start":{"line":90,"column":8},"end":{"line":94,"column":9}},"13":{"start":{"line":91,"column":10},"end":{"line":91,"column":42}},"14":{"start":{"line":93,"column":10},"end":{"line":93,"column":38}},"15":{"start":{"line":108,"column":8},"end":{"line":108,"column":16}},"16":{"start":{"line":109,"column":19},"end":{"line":109,"column":29}},"17":{"start":{"line":110,"column":4},"end":{"line":136,"column":8}},"18":{"start":{"line":112,"column":8},"end":{"line":128,"column":9}},"19":{"start":{"line":113,"column":10},"end":{"line":113,"column":48}},"20":{"start":{"line":115,"column":10},"end":{"line":127,"column":12}},"21":{"start":{"line":131,"column":8},"end":{"line":135,"column":9}},"22":{"start":{"line":132,"column":10},"end":{"line":132,"column":68}},"23":{"start":{"line":134,"column":10},"end":{"line":134,"column":42}},"24":{"start":{"line":140,"column":19},"end":{"line":140,"column":29}},"25":{"start":{"line":141,"column":4},"end":{"line":155,"column":8}},"26":{"start":{"line":143,"column":8},"end":{"line":147,"column":9}},"27":{"start":{"line":144,"column":10},"end":{"line":144,"column":48}},"28":{"start":{"line":146,"column":10},"end":{"line":146,"column":50}},"29":{"start":{"line":150,"column":8},"end":{"line":154,"column":9}},"30":{"start":{"line":151,"column":10},"end":{"line":151,"column":68}},"31":{"start":{"line":153,"column":10},"end":{"line":153,"column":20}},"32":{"start":{"line":159,"column":19},"end":{"line":159,"column":29}},"33":{"start":{"line":160,"column":4},"end":{"line":167,"column":8}},"34":{"start":{"line":162,"column":8},"end":{"line":166,"column":9}},"35":{"start":{"line":163,"column":10},"end":{"line":163,"column":76}},"36":{"start":{"line":165,"column":10},"end":{"line":165,"column":42}},"37":{"start":{"line":171,"column":21},"end":{"line":171,"column":38}},"38":{"start":{"line":172,"column":4},"end":{"line":191,"column":8}},"39":{"start":{"line":190,"column":8},"end":{"line":190,"column":38}},"40":{"start":{"line":196,"column":0},"end":{"line":196,"column":33}}},"fnMap":{"0":{"name":"(anonymous_0)","decl":{"start":{"line":4,"column":2},"end":{"line":4,"column":3}},"loc":{"start":{"line":4,"column":39},"end":{"line":25,"column":3}},"line":4},"1":{"name":"(anonymous_1)","decl":{"start":{"line":22,"column":12},"end":{"line":22,"column":13}},"loc":{"start":{"line":22,"column":25},"end":{"line":24,"column":7}},"line":22},"2":{"name":"(anonymous_2)","decl":{"start":{"line":27,"column":2},"end":{"line":27,"column":3}},"loc":{"start":{"line":27,"column":39},"end":{"line":52,"column":3}},"line":27},"3":{"name":"(anonymous_3)","decl":{"start":{"line":49,"column":12},"end":{"line":49,"column":13}},"loc":{"start":{"line":49,"column":23},"end":{"line":51,"column":7}},"line":49},"4":{"name":"(anonymous_4)","decl":{"start":{"line":54,"column":2},"end":{"line":54,"column":3}},"loc":{"start":{"line":54,"column":34},"end":{"line":81,"column":3}},"line":54},"5":{"name":"(anonymous_5)","decl":{"start":{"line":78,"column":12},"end":{"line":78,"column":13}},"loc":{"start":{"line":78,"column":23},"end":{"line":80,"column":7}},"line":78},"6":{"name":"(anonymous_6)","decl":{"start":{"line":83,"column":2},"end":{"line":83,"column":3}},"loc":{"start":{"line":83,"column":38},"end":{"line":96,"column":3}},"line":83},"7":{"name":"(anonymous_7)","decl":{"start":{"line":89,"column":12},"end":{"line":89,"column":13}},"loc":{"start":{"line":89,"column":23},"end":{"line":95,"column":7}},"line":89},"8":{"name":"(anonymous_8)","decl":{"start":{"line":98,"column":2},"end":{"line":98,"column":3}},"loc":{"start":{"line":98,"column":41},"end":{"line":137,"column":3}},"line":98},"9":{"name":"(anonymous_9)","decl":{"start":{"line":111,"column":12},"end":{"line":111,"column":13}},"loc":{"start":{"line":111,"column":23},"end":{"line":129,"column":7}},"line":111},"10":{"name":"(anonymous_10)","decl":{"start":{"line":130,"column":12},"end":{"line":130,"column":13}},"loc":{"start":{"line":130,"column":22},"end":{"line":136,"column":7}},"line":130},"11":{"name":"(anonymous_11)","decl":{"start":{"line":139,"column":2},"end":{"line":139,"column":3}},"loc":{"start":{"line":139,"column":36},"end":{"line":156,"column":3}},"line":139},"12":{"name":"(anonymous_12)","decl":{"start":{"line":142,"column":12},"end":{"line":142,"column":13}},"loc":{"start":{"line":142,"column":23},"end":{"line":148,"column":7}},"line":142},"13":{"name":"(anonymous_13)","decl":{"start":{"line":149,"column":12},"end":{"line":149,"column":13}},"loc":{"start":{"line":149,"column":22},"end":{"line":155,"column":7}},"line":149},"14":{"name":"(anonymous_14)","decl":{"start":{"line":158,"column":2},"end":{"line":158,"column":3}},"loc":{"start":{"line":158,"column":48},"end":{"line":168,"column":3}},"line":158},"15":{"name":"(anonymous_15)","decl":{"start":{"line":161,"column":12},"end":{"line":161,"column":13}},"loc":{"start":{"line":161,"column":22},"end":{"line":167,"column":7}},"line":161},"16":{"name":"(anonymous_16)","decl":{"start":{"line":170,"column":2},"end":{"line":170,"column":3}},"loc":{"start":{"line":170,"column":51},"end":{"line":192,"column":3}},"line":170},"17":{"name":"(anonymous_17)","decl":{"start":{"line":189,"column":12},"end":{"line":189,"column":13}},"loc":{"start":{"line":189,"column":25},"end":{"line":191,"column":7}},"line":189}},"branchMap":{"0":{"loc":{"start":{"line":90,"column":8},"end":{"line":94,"column":9}},"type":"if","locations":[{"start":{"line":90,"column":8},"end":{"line":94,"column":9}},{"start":{"line":90,"column":8},"end":{"line":94,"column":9}}],"line":90},"1":{"loc":{"start":{"line":112,"column":8},"end":{"line":128,"column":9}},"type":"if","locations":[{"start":{"line":112,"column":8},"end":{"line":128,"column":9}},{"start":{"line":112,"column":8},"end":{"line":128,"column":9}}],"line":112},"2":{"loc":{"start":{"line":131,"column":8},"end":{"line":135,"column":9}},"type":"if","locations":[{"start":{"line":131,"column":8},"end":{"line":135,"column":9}},{"start":{"line":131,"column":8},"end":{"line":135,"column":9}}],"line":131},"3":{"loc":{"start":{"line":143,"column":8},"end":{"line":147,"column":9}},"type":"if","locations":[{"start":{"line":143,"column":8},"end":{"line":147,"column":9}},{"start":{"line":143,"column":8},"end":{"line":147,"column":9}}],"line":143},"4":{"loc":{"start":{"line":150,"column":8},"end":{"line":154,"column":9}},"type":"if","locations":[{"start":{"line":150,"column":8},"end":{"line":154,"column":9}},{"start":{"line":150,"column":8},"end":{"line":154,"column":9}}],"line":150},"5":{"loc":{"start":{"line":162,"column":8},"end":{"line":166,"column":9}},"type":"if","locations":[{"start":{"line":162,"column":8},"end":{"line":166,"column":9}},{"start":{"line":162,"column":8},"end":{"line":166,"column":9}}],"line":162}},"s":{"0":6,"1":1,"2":1,"3":1,"4":1,"5":1,"6":1,"7":1,"8":1,"9":1,"10":1,"11":1,"12":1,"13":0,"14":1,"15":1,"16":1,"17":1,"18":1,"19":0,"20":1,"21":1,"22":1,"23":0,"24":1,"25":1,"26":1,"27":0,"28":1,"29":1,"30":1,"31":0,"32":1,"33":1,"34":1,"35":1,"36":0,"37":1,"38":1,"39":1,"40":6},"f":{"0":1,"1":1,"2":1,"3":1,"4":1,"5":1,"6":1,"7":1,"8":1,"9":1,"10":1,"11":1,"12":1,"13":1,"14":1,"15":1,"16":1,"17":1},"b":{"0":[0,1],"1":[0,1],"2":[1,0],"3":[0,1],"4":[1,0],"5":[1,0]},"_coverageSchema":"1a1c01bbd47fc00a2c39e90264f33305004495a9","hash":"1a2b59054d6421063476e840a1209f4c90d7a13b"}
,"/home/charles/Hacktiv8/Phase3/TEST-CASE/server/controllers/parentController.js": {"path":"/home/charles/Hacktiv8/Phase3/TEST-CASE/server/controllers/parentController.js","statementMap":{"0":{"start":{"line":1,"column":41},"end":{"line":1,"column":61}},"1":{"start":{"line":2,"column":26},"end":{"line":2,"column":64}},"2":{"start":{"line":3,"column":16},"end":{"line":3,"column":44}},"3":{"start":{"line":4,"column":17},"end":{"line":4,"column":46}},"4":{"start":{"line":16,"column":8},"end":{"line":16,"column":16}},"5":{"start":{"line":17,"column":4},"end":{"line":29,"column":8}},"6":{"start":{"line":28,"column":8},"end":{"line":28,"column":37}},"7":{"start":{"line":33,"column":32},"end":{"line":33,"column":40}},"8":{"start":{"line":34,"column":4},"end":{"line":59,"column":8}},"9":{"start":{"line":40,"column":8},"end":{"line":58,"column":9}},"10":{"start":{"line":41,"column":10},"end":{"line":41,"column":51}},"11":{"start":{"line":43,"column":24},"end":{"line":43,"column":39}},"12":{"start":{"line":44,"column":10},"end":{"line":57,"column":13}},"13":{"start":{"line":63,"column":4},"end":{"line":78,"column":8}},"14":{"start":{"line":77,"column":8},"end":{"line":77,"column":38}},"15":{"start":{"line":82,"column":19},"end":{"line":82,"column":29}},"16":{"start":{"line":83,"column":4},"end":{"line":90,"column":8}},"17":{"start":{"line":85,"column":8},"end":{"line":89,"column":9}},"18":{"start":{"line":86,"column":10},"end":{"line":86,"column":42}},"19":{"start":{"line":88,"column":10},"end":{"line":88,"column":39}},"20":{"start":{"line":103,"column":8},"end":{"line":103,"column":16}},"21":{"start":{"line":104,"column":19},"end":{"line":104,"column":29}},"22":{"start":{"line":105,"column":4},"end":{"line":130,"column":8}},"23":{"start":{"line":107,"column":8},"end":{"line":124,"column":9}},"24":{"start":{"line":108,"column":10},"end":{"line":108,"column":48}},"25":{"start":{"line":110,"column":26},"end":{"line":110,"column":44}},"26":{"start":{"line":111,"column":10},"end":{"line":123,"column":12}},"27":{"start":{"line":127,"column":8},"end":{"line":129,"column":9}},"28":{"start":{"line":128,"column":10},"end":{"line":128,"column":68}},"29":{"start":{"line":134,"column":19},"end":{"line":134,"column":29}},"30":{"start":{"line":135,"column":4},"end":{"line":140,"column":8}},"31":{"start":{"line":137,"column":8},"end":{"line":139,"column":9}},"32":{"start":{"line":138,"column":10},"end":{"line":138,"column":68}},"33":{"start":{"line":155,"column":0},"end":{"line":155,"column":34}}},"fnMap":{"0":{"name":"(anonymous_0)","decl":{"start":{"line":6,"column":2},"end":{"line":6,"column":3}},"loc":{"start":{"line":6,"column":40},"end":{"line":30,"column":3}},"line":6},"1":{"name":"(anonymous_1)","decl":{"start":{"line":27,"column":12},"end":{"line":27,"column":13}},"loc":{"start":{"line":27,"column":24},"end":{"line":29,"column":7}},"line":27},"2":{"name":"(anonymous_2)","decl":{"start":{"line":32,"column":2},"end":{"line":32,"column":3}},"loc":{"start":{"line":32,"column":37},"end":{"line":60,"column":3}},"line":32},"3":{"name":"(anonymous_3)","decl":{"start":{"line":39,"column":12},"end":{"line":39,"column":13}},"loc":{"start":{"line":39,"column":24},"end":{"line":59,"column":7}},"line":39},"4":{"name":"(anonymous_4)","decl":{"start":{"line":62,"column":2},"end":{"line":62,"column":3}},"loc":{"start":{"line":62,"column":39},"end":{"line":79,"column":3}},"line":62},"5":{"name":"(anonymous_5)","decl":{"start":{"line":76,"column":12},"end":{"line":76,"column":13}},"loc":{"start":{"line":76,"column":25},"end":{"line":78,"column":7}},"line":76},"6":{"name":"(anonymous_6)","decl":{"start":{"line":81,"column":2},"end":{"line":81,"column":3}},"loc":{"start":{"line":81,"column":39},"end":{"line":91,"column":3}},"line":81},"7":{"name":"(anonymous_7)","decl":{"start":{"line":84,"column":12},"end":{"line":84,"column":13}},"loc":{"start":{"line":84,"column":24},"end":{"line":90,"column":7}},"line":84},"8":{"name":"(anonymous_8)","decl":{"start":{"line":93,"column":2},"end":{"line":93,"column":3}},"loc":{"start":{"line":93,"column":42},"end":{"line":131,"column":3}},"line":93},"9":{"name":"(anonymous_9)","decl":{"start":{"line":106,"column":12},"end":{"line":106,"column":13}},"loc":{"start":{"line":106,"column":24},"end":{"line":125,"column":7}},"line":106},"10":{"name":"(anonymous_10)","decl":{"start":{"line":126,"column":12},"end":{"line":126,"column":13}},"loc":{"start":{"line":126,"column":22},"end":{"line":130,"column":7}},"line":126},"11":{"name":"(anonymous_11)","decl":{"start":{"line":133,"column":2},"end":{"line":133,"column":3}},"loc":{"start":{"line":133,"column":36},"end":{"line":141,"column":3}},"line":133},"12":{"name":"(anonymous_12)","decl":{"start":{"line":136,"column":12},"end":{"line":136,"column":13}},"loc":{"start":{"line":136,"column":22},"end":{"line":140,"column":7}},"line":136}},"branchMap":{"0":{"loc":{"start":{"line":40,"column":8},"end":{"line":58,"column":9}},"type":"if","locations":[{"start":{"line":40,"column":8},"end":{"line":58,"column":9}},{"start":{"line":40,"column":8},"end":{"line":58,"column":9}}],"line":40},"1":{"loc":{"start":{"line":40,"column":12},"end":{"line":40,"column":68}},"type":"binary-expr","locations":[{"start":{"line":40,"column":12},"end":{"line":40,"column":19}},{"start":{"line":40,"column":23},"end":{"line":40,"column":68}}],"line":40},"2":{"loc":{"start":{"line":85,"column":8},"end":{"line":89,"column":9}},"type":"if","locations":[{"start":{"line":85,"column":8},"end":{"line":89,"column":9}},{"start":{"line":85,"column":8},"end":{"line":89,"column":9}}],"line":85},"3":{"loc":{"start":{"line":107,"column":8},"end":{"line":124,"column":9}},"type":"if","locations":[{"start":{"line":107,"column":8},"end":{"line":124,"column":9}},{"start":{"line":107,"column":8},"end":{"line":124,"column":9}}],"line":107},"4":{"loc":{"start":{"line":127,"column":8},"end":{"line":129,"column":9}},"type":"if","locations":[{"start":{"line":127,"column":8},"end":{"line":129,"column":9}},{"start":{"line":127,"column":8},"end":{"line":129,"column":9}}],"line":127},"5":{"loc":{"start":{"line":137,"column":8},"end":{"line":139,"column":9}},"type":"if","locations":[{"start":{"line":137,"column":8},"end":{"line":139,"column":9}},{"start":{"line":137,"column":8},"end":{"line":139,"column":9}}],"line":137}},"s":{"0":6,"1":6,"2":6,"3":6,"4":1,"5":1,"6":1,"7":2,"8":2,"9":2,"10":1,"11":1,"12":1,"13":1,"14":1,"15":1,"16":1,"17":1,"18":0,"19":1,"20":1,"21":1,"22":1,"23":1,"24":0,"25":1,"26":1,"27":1,"28":1,"29":1,"30":1,"31":1,"32":1,"33":6},"f":{"0":1,"1":1,"2":2,"3":2,"4":1,"5":1,"6":1,"7":1,"8":1,"9":1,"10":1,"11":1,"12":1},"b":{"0":[1,1],"1":[2,2],"2":[0,1],"3":[0,1],"4":[1,0],"5":[1,0]},"_coverageSchema":"1a1c01bbd47fc00a2c39e90264f33305004495a9","hash":"f2d89fd5ca6fc239232cc392439d1b8a31be2582"}
,"/home/charles/Hacktiv8/Phase3/TEST-CASE/server/controllers/wishlistController.js": {"path":"/home/charles/Hacktiv8/Phase3/TEST-CASE/server/controllers/wishlistController.js","statementMap":{"0":{"start":{"line":1,"column":41},"end":{"line":1,"column":61}},"1":{"start":{"line":5,"column":21},"end":{"line":5,"column":38}},"2":{"start":{"line":6,"column":4},"end":{"line":12,"column":8}},"3":{"start":{"line":11,"column":8},"end":{"line":11,"column":40}},"4":{"start":{"line":16,"column":21},"end":{"line":16,"column":38}},"5":{"start":{"line":17,"column":15},"end":{"line":17,"column":33}},"6":{"start":{"line":18,"column":4},"end":{"line":25,"column":8}},"7":{"start":{"line":20,"column":30},"end":{"line":20,"column":52}},"8":{"start":{"line":21,"column":8},"end":{"line":21,"column":51}},"9":{"start":{"line":24,"column":8},"end":{"line":24,"column":35}},"10":{"start":{"line":29,"column":15},"end":{"line":29,"column":28}},"11":{"start":{"line":30,"column":4},"end":{"line":33,"column":8}},"12":{"start":{"line":32,"column":8},"end":{"line":32,"column":69}},"13":{"start":{"line":37,"column":0},"end":{"line":37,"column":36}}},"fnMap":{"0":{"name":"(anonymous_0)","decl":{"start":{"line":4,"column":2},"end":{"line":4,"column":3}},"loc":{"start":{"line":4,"column":40},"end":{"line":13,"column":3}},"line":4},"1":{"name":"(anonymous_1)","decl":{"start":{"line":10,"column":12},"end":{"line":10,"column":13}},"loc":{"start":{"line":10,"column":27},"end":{"line":12,"column":7}},"line":10},"2":{"name":"(anonymous_2)","decl":{"start":{"line":15,"column":2},"end":{"line":15,"column":3}},"loc":{"start":{"line":15,"column":39},"end":{"line":26,"column":3}},"line":15},"3":{"name":"(anonymous_3)","decl":{"start":{"line":19,"column":12},"end":{"line":19,"column":13}},"loc":{"start":{"line":19,"column":23},"end":{"line":22,"column":7}},"line":19},"4":{"name":"(anonymous_4)","decl":{"start":{"line":23,"column":12},"end":{"line":23,"column":13}},"loc":{"start":{"line":23,"column":22},"end":{"line":25,"column":7}},"line":23},"5":{"name":"(anonymous_5)","decl":{"start":{"line":28,"column":2},"end":{"line":28,"column":3}},"loc":{"start":{"line":28,"column":40},"end":{"line":34,"column":3}},"line":28},"6":{"name":"(anonymous_6)","decl":{"start":{"line":31,"column":12},"end":{"line":31,"column":13}},"loc":{"start":{"line":31,"column":18},"end":{"line":33,"column":7}},"line":31}},"branchMap":{},"s":{"0":6,"1":1,"2":1,"3":1,"4":1,"5":1,"6":1,"7":1,"8":1,"9":1,"10":1,"11":1,"12":1,"13":6},"f":{"0":1,"1":1,"2":1,"3":1,"4":1,"5":1,"6":1},"b":{},"_coverageSchema":"1a1c01bbd47fc00a2c39e90264f33305004495a9","hash":"6ced4033b0882c775c8378602af9337531f6787b"}
,"/home/charles/Hacktiv8/Phase3/TEST-CASE/server/helper/compareSyncBcyrpt.js": {"path":"/home/charles/Hacktiv8/Phase3/TEST-CASE/server/helper/compareSyncBcyrpt.js","statementMap":{"0":{"start":{"line":2,"column":15},"end":{"line":2,"column":32}},"1":{"start":{"line":5,"column":2},"end":{"line":5,"column":41}},"2":{"start":{"line":8,"column":0},"end":{"line":8,"column":34}}},"fnMap":{"0":{"name":"compareSyncBcrypt","decl":{"start":{"line":4,"column":9},"end":{"line":4,"column":26}},"loc":{"start":{"line":4,"column":40},"end":{"line":6,"column":1}},"line":4}},"branchMap":{},"s":{"0":6,"1":3,"2":6},"f":{"0":3},"b":{},"_coverageSchema":"1a1c01bbd47fc00a2c39e90264f33305004495a9","hash":"545f5bb0cd28d505ecf2074f37c8d2804c00d4ef"}
,"/home/charles/Hacktiv8/Phase3/TEST-CASE/server/helper/hashPass.js": {"path":"/home/charles/Hacktiv8/Phase3/TEST-CASE/server/helper/hashPass.js","statementMap":{"0":{"start":{"line":1,"column":15},"end":{"line":1,"column":32}},"1":{"start":{"line":4,"column":13},"end":{"line":4,"column":35}},"2":{"start":{"line":5,"column":2},"end":{"line":9,"column":3}},"3":{"start":{"line":6,"column":4},"end":{"line":6,"column":49}},"4":{"start":{"line":8,"column":4},"end":{"line":8,"column":23}},"5":{"start":{"line":12,"column":0},"end":{"line":12,"column":26}}},"fnMap":{"0":{"name":"hashPass","decl":{"start":{"line":3,"column":9},"end":{"line":3,"column":17}},"loc":{"start":{"line":3,"column":25},"end":{"line":10,"column":1}},"line":3}},"branchMap":{},"s":{"0":6,"1":11,"2":11,"3":11,"4":0,"5":6},"f":{"0":11},"b":{},"_coverageSchema":"1a1c01bbd47fc00a2c39e90264f33305004495a9","hash":"1dbd43d8550b58e4ecc9b2b8c419cb85e93df4c0"}
,"/home/charles/Hacktiv8/Phase3/TEST-CASE/server/helper/jwtSign.js": {"path":"/home/charles/Hacktiv8/Phase3/TEST-CASE/server/helper/jwtSign.js","statementMap":{"0":{"start":{"line":2,"column":12},"end":{"line":2,"column":35}},"1":{"start":{"line":3,"column":18},"end":{"line":3,"column":35}},"2":{"start":{"line":6,"column":23},"end":{"line":9,"column":5}},"3":{"start":{"line":11,"column":2},"end":{"line":11,"column":22}},"4":{"start":{"line":14,"column":0},"end":{"line":14,"column":25}}},"fnMap":{"0":{"name":"jwtSign","decl":{"start":{"line":5,"column":9},"end":{"line":5,"column":16}},"loc":{"start":{"line":5,"column":24},"end":{"line":12,"column":1}},"line":5}},"branchMap":{},"s":{"0":6,"1":6,"2":8,"3":8,"4":6},"f":{"0":8},"b":{},"_coverageSchema":"1a1c01bbd47fc00a2c39e90264f33305004495a9","hash":"32e43ed89438a9137b6c7e1521c887dce3b7276f"}
,"/home/charles/Hacktiv8/Phase3/TEST-CASE/server/helper/jwtVerify.js": {"path":"/home/charles/Hacktiv8/Phase3/TEST-CASE/server/helper/jwtVerify.js","statementMap":{"0":{"start":{"line":1,"column":12},"end":{"line":1,"column":35}},"1":{"start":{"line":3,"column":18},"end":{"line":3,"column":35}},"2":{"start":{"line":6,"column":2},"end":{"line":6,"column":38}},"3":{"start":{"line":9,"column":0},"end":{"line":9,"column":27}}},"fnMap":{"0":{"name":"jwtVerify","decl":{"start":{"line":5,"column":9},"end":{"line":5,"column":18}},"loc":{"start":{"line":5,"column":26},"end":{"line":7,"column":1}},"line":5}},"branchMap":{},"s":{"0":6,"1":6,"2":22,"3":6},"f":{"0":22},"b":{},"_coverageSchema":"1a1c01bbd47fc00a2c39e90264f33305004495a9","hash":"bbac7a931075e014124f23f9ece6f7649322c418"}
,"/home/charles/Hacktiv8/Phase3/TEST-CASE/server/middlewares/authentication.js": {"path":"/home/charles/Hacktiv8/Phase3/TEST-CASE/server/middlewares/authentication.js","statementMap":{"0":{"start":{"line":3,"column":15},"end":{"line":3,"column":45}},"1":{"start":{"line":7,"column":29},"end":{"line":25,"column":1}},"2":{"start":{"line":8,"column":26},"end":{"line":8,"column":37}},"3":{"start":{"line":10,"column":1},"end":{"line":12,"column":2}},"4":{"start":{"line":11,"column":2},"end":{"line":11,"column":33}},"5":{"start":{"line":14,"column":1},"end":{"line":24,"column":2}},"6":{"start":{"line":16,"column":18},"end":{"line":16,"column":38}},"7":{"start":{"line":17,"column":2},"end":{"line":17,"column":27}},"8":{"start":{"line":21,"column":2},"end":{"line":21,"column":9}},"9":{"start":{"line":23,"column":2},"end":{"line":23,"column":39}},"10":{"start":{"line":27,"column":29},"end":{"line":42,"column":1}},"11":{"start":{"line":28,"column":26},"end":{"line":28,"column":37}},"12":{"start":{"line":30,"column":1},"end":{"line":32,"column":2}},"13":{"start":{"line":31,"column":2},"end":{"line":31,"column":33}},"14":{"start":{"line":34,"column":1},"end":{"line":41,"column":2}},"15":{"start":{"line":35,"column":18},"end":{"line":35,"column":38}},"16":{"start":{"line":36,"column":2},"end":{"line":36,"column":27}},"17":{"start":{"line":38,"column":2},"end":{"line":38,"column":9}},"18":{"start":{"line":40,"column":2},"end":{"line":40,"column":39}},"19":{"start":{"line":44,"column":0},"end":{"line":47,"column":1}}},"fnMap":{"0":{"name":"(anonymous_0)","decl":{"start":{"line":7,"column":29},"end":{"line":7,"column":30}},"loc":{"start":{"line":7,"column":49},"end":{"line":25,"column":1}},"line":7},"1":{"name":"(anonymous_1)","decl":{"start":{"line":27,"column":29},"end":{"line":27,"column":30}},"loc":{"start":{"line":27,"column":49},"end":{"line":42,"column":1}},"line":27}},"branchMap":{"0":{"loc":{"start":{"line":10,"column":1},"end":{"line":12,"column":2}},"type":"if","locations":[{"start":{"line":10,"column":1},"end":{"line":12,"column":2}},{"start":{"line":10,"column":1},"end":{"line":12,"column":2}}],"line":10},"1":{"loc":{"start":{"line":30,"column":1},"end":{"line":32,"column":2}},"type":"if","locations":[{"start":{"line":30,"column":1},"end":{"line":32,"column":2}},{"start":{"line":30,"column":1},"end":{"line":32,"column":2}}],"line":30}},"s":{"0":6,"1":6,"2":13,"3":13,"4":1,"5":13,"6":13,"7":11,"8":11,"9":2,"10":6,"11":9,"12":9,"13":0,"14":9,"15":9,"16":9,"17":9,"18":0,"19":6},"f":{"0":13,"1":9},"b":{"0":[1,12],"1":[0,9]},"_coverageSchema":"1a1c01bbd47fc00a2c39e90264f33305004495a9","hash":"4128f6715550105a7709b164e5b983d602881f21"}
,"/home/charles/Hacktiv8/Phase3/TEST-CASE/server/middlewares/authorization.js": {"path":"/home/charles/Hacktiv8/Phase3/TEST-CASE/server/middlewares/authorization.js","statementMap":{"0":{"start":{"line":1,"column":48},"end":{"line":1,"column":68}},"1":{"start":{"line":22,"column":28},"end":{"line":38,"column":1}},"2":{"start":{"line":23,"column":17},"end":{"line":23,"column":27}},"3":{"start":{"line":25,"column":2},"end":{"line":32,"column":6}},"4":{"start":{"line":27,"column":6},"end":{"line":31,"column":7}},"5":{"start":{"line":28,"column":8},"end":{"line":28,"column":47}},"6":{"start":{"line":30,"column":8},"end":{"line":30,"column":15}},"7":{"start":{"line":39,"column":21},"end":{"line":51,"column":1}},"8":{"start":{"line":40,"column":2},"end":{"line":47,"column":6}},"9":{"start":{"line":42,"column":6},"end":{"line":46,"column":7}},"10":{"start":{"line":43,"column":8},"end":{"line":43,"column":47}},"11":{"start":{"line":45,"column":8},"end":{"line":45,"column":15}},"12":{"start":{"line":53,"column":0},"end":{"line":57,"column":2}}},"fnMap":{"0":{"name":"(anonymous_0)","decl":{"start":{"line":22,"column":28},"end":{"line":22,"column":29}},"loc":{"start":{"line":22,"column":48},"end":{"line":38,"column":1}},"line":22},"1":{"name":"(anonymous_1)","decl":{"start":{"line":26,"column":10},"end":{"line":26,"column":11}},"loc":{"start":{"line":26,"column":20},"end":{"line":32,"column":5}},"line":26},"2":{"name":"(anonymous_2)","decl":{"start":{"line":39,"column":21},"end":{"line":39,"column":22}},"loc":{"start":{"line":39,"column":41},"end":{"line":51,"column":1}},"line":39},"3":{"name":"(anonymous_3)","decl":{"start":{"line":41,"column":10},"end":{"line":41,"column":11}},"loc":{"start":{"line":41,"column":20},"end":{"line":47,"column":5}},"line":41}},"branchMap":{"0":{"loc":{"start":{"line":27,"column":6},"end":{"line":31,"column":7}},"type":"if","locations":[{"start":{"line":27,"column":6},"end":{"line":31,"column":7}},{"start":{"line":27,"column":6},"end":{"line":31,"column":7}}],"line":27},"1":{"loc":{"start":{"line":42,"column":6},"end":{"line":46,"column":7}},"type":"if","locations":[{"start":{"line":42,"column":6},"end":{"line":46,"column":7}},{"start":{"line":42,"column":6},"end":{"line":46,"column":7}}],"line":42}},"s":{"0":6,"1":6,"2":3,"3":3,"4":3,"5":0,"6":3,"7":6,"8":1,"9":1,"10":0,"11":1,"12":6},"f":{"0":3,"1":3,"2":1,"3":1},"b":{"0":[0,3],"1":[0,1]},"_coverageSchema":"1a1c01bbd47fc00a2c39e90264f33305004495a9","hash":"836a2f130cb53db774f70b93219e85d0429b3134"}
,"/home/charles/Hacktiv8/Phase3/TEST-CASE/server/middlewares/errorHandler.js": {"path":"/home/charles/Hacktiv8/Phase3/TEST-CASE/server/middlewares/errorHandler.js","statementMap":{"0":{"start":{"line":1,"column":16},"end":{"line":1,"column":33}},"1":{"start":{"line":4,"column":2},"end":{"line":4,"column":19}},"2":{"start":{"line":5,"column":14},"end":{"line":5,"column":37}},"3":{"start":{"line":6,"column":22},"end":{"line":6,"column":24}},"4":{"start":{"line":7,"column":20},"end":{"line":7,"column":23}},"5":{"start":{"line":9,"column":2},"end":{"line":38,"column":3}},"6":{"start":{"line":10,"column":4},"end":{"line":10,"column":37}},"7":{"start":{"line":11,"column":4},"end":{"line":11,"column":57}},"8":{"start":{"line":12,"column":4},"end":{"line":12,"column":22}},"9":{"start":{"line":13,"column":9},"end":{"line":38,"column":3}},"10":{"start":{"line":14,"column":4},"end":{"line":14,"column":28}},"11":{"start":{"line":15,"column":4},"end":{"line":15,"column":51}},"12":{"start":{"line":16,"column":4},"end":{"line":16,"column":22}},"13":{"start":{"line":18,"column":7},"end":{"line":38,"column":3}},"14":{"start":{"line":19,"column":4},"end":{"line":19,"column":30}},"15":{"start":{"line":20,"column":4},"end":{"line":20,"column":49}},"16":{"start":{"line":21,"column":4},"end":{"line":21,"column":22}},"17":{"start":{"line":22,"column":9},"end":{"line":38,"column":3}},"18":{"start":{"line":23,"column":4},"end":{"line":23,"column":36}},"19":{"start":{"line":24,"column":4},"end":{"line":24,"column":49}},"20":{"start":{"line":25,"column":4},"end":{"line":25,"column":22}},"21":{"start":{"line":26,"column":9},"end":{"line":38,"column":3}},"22":{"start":{"line":27,"column":4},"end":{"line":27,"column":35}},"23":{"start":{"line":28,"column":4},"end":{"line":28,"column":45}},"24":{"start":{"line":29,"column":4},"end":{"line":29,"column":22}},"25":{"start":{"line":30,"column":9},"end":{"line":38,"column":3}},"26":{"start":{"line":31,"column":4},"end":{"line":31,"column":26}},"27":{"start":{"line":32,"column":4},"end":{"line":32,"column":22}},"28":{"start":{"line":33,"column":4},"end":{"line":35,"column":7}},"29":{"start":{"line":34,"column":6},"end":{"line":34,"column":40}},"30":{"start":{"line":37,"column":4},"end":{"line":37,"column":47}},"31":{"start":{"line":40,"column":2},"end":{"line":43,"column":5}},"32":{"start":{"line":46,"column":0},"end":{"line":46,"column":30}}},"fnMap":{"0":{"name":"errorHandler","decl":{"start":{"line":3,"column":9},"end":{"line":3,"column":21}},"loc":{"start":{"line":3,"column":43},"end":{"line":44,"column":1}},"line":3},"1":{"name":"(anonymous_1)","decl":{"start":{"line":33,"column":19},"end":{"line":33,"column":20}},"loc":{"start":{"line":33,"column":37},"end":{"line":35,"column":5}},"line":33}},"branchMap":{"0":{"loc":{"start":{"line":9,"column":2},"end":{"line":38,"column":3}},"type":"if","locations":[{"start":{"line":9,"column":2},"end":{"line":38,"column":3}},{"start":{"line":9,"column":2},"end":{"line":38,"column":3}}],"line":9},"1":{"loc":{"start":{"line":13,"column":9},"end":{"line":38,"column":3}},"type":"if","locations":[{"start":{"line":13,"column":9},"end":{"line":38,"column":3}},{"start":{"line":13,"column":9},"end":{"line":38,"column":3}}],"line":13},"2":{"loc":{"start":{"line":18,"column":7},"end":{"line":38,"column":3}},"type":"if","locations":[{"start":{"line":18,"column":7},"end":{"line":38,"column":3}},{"start":{"line":18,"column":7},"end":{"line":38,"column":3}}],"line":18},"3":{"loc":{"start":{"line":22,"column":9},"end":{"line":38,"column":3}},"type":"if","locations":[{"start":{"line":22,"column":9},"end":{"line":38,"column":3}},{"start":{"line":22,"column":9},"end":{"line":38,"column":3}}],"line":22},"4":{"loc":{"start":{"line":26,"column":9},"end":{"line":38,"column":3}},"type":"if","locations":[{"start":{"line":26,"column":9},"end":{"line":38,"column":3}},{"start":{"line":26,"column":9},"end":{"line":38,"column":3}}],"line":26},"5":{"loc":{"start":{"line":30,"column":9},"end":{"line":38,"column":3}},"type":"if","locations":[{"start":{"line":30,"column":9},"end":{"line":38,"column":3}},{"start":{"line":30,"column":9},"end":{"line":38,"column":3}}],"line":30}},"s":{"0":6,"1":5,"2":5,"3":5,"4":5,"5":5,"6":1,"7":1,"8":1,"9":4,"10":1,"11":1,"12":1,"13":3,"14":1,"15":1,"16":1,"17":2,"18":1,"19":1,"20":1,"21":1,"22":0,"23":0,"24":0,"25":1,"26":1,"27":1,"28":1,"29":1,"30":0,"31":5,"32":6},"f":{"0":5,"1":1},"b":{"0":[1,4],"1":[1,3],"2":[1,2],"3":[1,1],"4":[0,1],"5":[1,0]},"_coverageSchema":"1a1c01bbd47fc00a2c39e90264f33305004495a9","hash":"1a7a597f2c1533c9490a4d5422c4c19e416ed73a"}
,"/home/charles/Hacktiv8/Phase3/TEST-CASE/server/models/agency.js": {"path":"/home/charles/Hacktiv8/Phase3/TEST-CASE/server/models/agency.js","statementMap":{"0":{"start":{"line":2,"column":18},"end":{"line":2,"column":38}},"1":{"start":{"line":3,"column":0},"end":{"line":142,"column":2}},"2":{"start":{"line":4,"column":25},"end":{"line":4,"column":54}},"3":{"start":{"line":13,"column":6},"end":{"line":13,"column":35}},"4":{"start":{"line":14,"column":6},"end":{"line":14,"column":69}},"5":{"start":{"line":15,"column":6},"end":{"line":15,"column":71}},"6":{"start":{"line":18,"column":2},"end":{"line":136,"column":4}},"7":{"start":{"line":137,"column":2},"end":{"line":140,"column":5}},"8":{"start":{"line":138,"column":17},"end":{"line":138,"column":41}},"9":{"start":{"line":139,"column":4},"end":{"line":139,"column":29}},"10":{"start":{"line":141,"column":2},"end":{"line":141,"column":16}}},"fnMap":{"0":{"name":"(anonymous_0)","decl":{"start":{"line":3,"column":17},"end":{"line":3,"column":18}},"loc":{"start":{"line":3,"column":43},"end":{"line":142,"column":1}},"line":3},"1":{"name":"(anonymous_1)","decl":{"start":{"line":11,"column":4},"end":{"line":11,"column":5}},"loc":{"start":{"line":11,"column":29},"end":{"line":16,"column":5}},"line":11},"2":{"name":"(anonymous_2)","decl":{"start":{"line":137,"column":22},"end":{"line":137,"column":23}},"loc":{"start":{"line":137,"column":44},"end":{"line":140,"column":3}},"line":137}},"branchMap":{},"s":{"0":6,"1":6,"2":6,"3":6,"4":6,"5":6,"6":6,"7":6,"8":4,"9":4,"10":6},"f":{"0":6,"1":6,"2":4},"b":{},"_coverageSchema":"1a1c01bbd47fc00a2c39e90264f33305004495a9","hash":"995d5f05157989228b1cfef14704bffaf6ce3f50"}
,"/home/charles/Hacktiv8/Phase3/TEST-CASE/server/models/child.js": {"path":"/home/charles/Hacktiv8/Phase3/TEST-CASE/server/models/child.js","statementMap":{"0":{"start":{"line":2,"column":18},"end":{"line":2,"column":38}},"1":{"start":{"line":3,"column":0},"end":{"line":97,"column":2}},"2":{"start":{"line":12,"column":6},"end":{"line":12,"column":37}},"3":{"start":{"line":13,"column":6},"end":{"line":13,"column":72}},"4":{"start":{"line":16,"column":2},"end":{"line":95,"column":4}},"5":{"start":{"line":96,"column":2},"end":{"line":96,"column":15}}},"fnMap":{"0":{"name":"(anonymous_0)","decl":{"start":{"line":3,"column":17},"end":{"line":3,"column":18}},"loc":{"start":{"line":3,"column":43},"end":{"line":97,"column":1}},"line":3},"1":{"name":"(anonymous_1)","decl":{"start":{"line":10,"column":4},"end":{"line":10,"column":5}},"loc":{"start":{"line":10,"column":29},"end":{"line":14,"column":5}},"line":10}},"branchMap":{},"s":{"0":6,"1":6,"2":6,"3":6,"4":6,"5":6},"f":{"0":6,"1":6},"b":{},"_coverageSchema":"1a1c01bbd47fc00a2c39e90264f33305004495a9","hash":"5134b9a61eecc2163a6bde7b210ff3431af58ac4"}
,"/home/charles/Hacktiv8/Phase3/TEST-CASE/server/models/index.js": {"path":"/home/charles/Hacktiv8/Phase3/TEST-CASE/server/models/index.js","statementMap":{"0":{"start":{"line":3,"column":11},"end":{"line":3,"column":24}},"1":{"start":{"line":4,"column":13},"end":{"line":4,"column":28}},"2":{"start":{"line":5,"column":18},"end":{"line":5,"column":38}},"3":{"start":{"line":6,"column":17},"end":{"line":6,"column":42}},"4":{"start":{"line":7,"column":12},"end":{"line":7,"column":49}},"5":{"start":{"line":8,"column":15},"end":{"line":8,"column":65}},"6":{"start":{"line":9,"column":11},"end":{"line":9,"column":13}},"7":{"start":{"line":12,"column":0},"end":{"line":16,"column":1}},"8":{"start":{"line":13,"column":2},"end":{"line":13,"column":74}},"9":{"start":{"line":15,"column":2},"end":{"line":15,"column":87}},"10":{"start":{"line":18,"column":0},"end":{"line":26,"column":5}},"11":{"start":{"line":21,"column":4},"end":{"line":21,"column":90}},"12":{"start":{"line":24,"column":18},"end":{"line":24,"column":65}},"13":{"start":{"line":25,"column":4},"end":{"line":25,"column":27}},"14":{"start":{"line":28,"column":0},"end":{"line":32,"column":3}},"15":{"start":{"line":29,"column":2},"end":{"line":31,"column":3}},"16":{"start":{"line":30,"column":4},"end":{"line":30,"column":32}},"17":{"start":{"line":34,"column":0},"end":{"line":34,"column":25}},"18":{"start":{"line":35,"column":0},"end":{"line":35,"column":25}},"19":{"start":{"line":37,"column":0},"end":{"line":37,"column":20}}},"fnMap":{"0":{"name":"(anonymous_0)","decl":{"start":{"line":20,"column":10},"end":{"line":20,"column":11}},"loc":{"start":{"line":20,"column":18},"end":{"line":22,"column":3}},"line":20},"1":{"name":"(anonymous_1)","decl":{"start":{"line":23,"column":11},"end":{"line":23,"column":12}},"loc":{"start":{"line":23,"column":19},"end":{"line":26,"column":3}},"line":23},"2":{"name":"(anonymous_2)","decl":{"start":{"line":28,"column":24},"end":{"line":28,"column":25}},"loc":{"start":{"line":28,"column":37},"end":{"line":32,"column":1}},"line":28}},"branchMap":{"0":{"loc":{"start":{"line":7,"column":12},"end":{"line":7,"column":49}},"type":"binary-expr","locations":[{"start":{"line":7,"column":12},"end":{"line":7,"column":32}},{"start":{"line":7,"column":36},"end":{"line":7,"column":49}}],"line":7},"1":{"loc":{"start":{"line":12,"column":0},"end":{"line":16,"column":1}},"type":"if","locations":[{"start":{"line":12,"column":0},"end":{"line":16,"column":1}},{"start":{"line":12,"column":0},"end":{"line":16,"column":1}}],"line":12},"2":{"loc":{"start":{"line":21,"column":11},"end":{"line":21,"column":89}},"type":"binary-expr","locations":[{"start":{"line":21,"column":12},"end":{"line":21,"column":35}},{"start":{"line":21,"column":41},"end":{"line":21,"column":58}},{"start":{"line":21,"column":64},"end":{"line":21,"column":88}}],"line":21},"3":{"loc":{"start":{"line":29,"column":2},"end":{"line":31,"column":3}},"type":"if","locations":[{"start":{"line":29,"column":2},"end":{"line":31,"column":3}},{"start":{"line":29,"column":2},"end":{"line":31,"column":3}}],"line":29}},"s":{"0":6,"1":6,"2":6,"3":6,"4":6,"5":6,"6":6,"7":6,"8":0,"9":6,"10":6,"11":48,"12":42,"13":42,"14":6,"15":42,"16":42,"17":6,"18":6,"19":6},"f":{"0":48,"1":42,"2":42},"b":{"0":[6,0],"1":[0,6],"2":[48,48,42],"3":[42,0]},"_coverageSchema":"1a1c01bbd47fc00a2c39e90264f33305004495a9","hash":"f0eee622fd07433ce1ecc057a0b8501c4584d37a"}
,"/home/charles/Hacktiv8/Phase3/TEST-CASE/server/models/message.js": {"path":"/home/charles/Hacktiv8/Phase3/TEST-CASE/server/models/message.js","statementMap":{"0":{"start":{"line":2,"column":18},"end":{"line":2,"column":38}},"1":{"start":{"line":3,"column":22},"end":{"line":3,"column":34}},"2":{"start":{"line":4,"column":0},"end":{"line":40,"column":2}},"3":{"start":{"line":12,"column":6},"end":{"line":12,"column":39}},"4":{"start":{"line":13,"column":6},"end":{"line":13,"column":39}},"5":{"start":{"line":17,"column":2},"end":{"line":30,"column":4}},"6":{"start":{"line":31,"column":2},"end":{"line":38,"column":5}},"7":{"start":{"line":32,"column":4},"end":{"line":34,"column":5}},"8":{"start":{"line":33,"column":6},"end":{"line":33,"column":34}},"9":{"start":{"line":35,"column":4},"end":{"line":37,"column":5}},"10":{"start":{"line":36,"column":6},"end":{"line":36,"column":34}},"11":{"start":{"line":39,"column":2},"end":{"line":39,"column":17}}},"fnMap":{"0":{"name":"(anonymous_0)","decl":{"start":{"line":4,"column":17},"end":{"line":4,"column":18}},"loc":{"start":{"line":4,"column":43},"end":{"line":40,"column":1}},"line":4},"1":{"name":"(anonymous_1)","decl":{"start":{"line":11,"column":4},"end":{"line":11,"column":5}},"loc":{"start":{"line":11,"column":29},"end":{"line":15,"column":5}},"line":11},"2":{"name":"(anonymous_2)","decl":{"start":{"line":31,"column":23},"end":{"line":31,"column":24}},"loc":{"start":{"line":31,"column":46},"end":{"line":38,"column":3}},"line":31}},"branchMap":{"0":{"loc":{"start":{"line":32,"column":4},"end":{"line":34,"column":5}},"type":"if","locations":[{"start":{"line":32,"column":4},"end":{"line":34,"column":5}},{"start":{"line":32,"column":4},"end":{"line":34,"column":5}}],"line":32},"1":{"loc":{"start":{"line":35,"column":4},"end":{"line":37,"column":5}},"type":"if","locations":[{"start":{"line":35,"column":4},"end":{"line":37,"column":5}},{"start":{"line":35,"column":4},"end":{"line":37,"column":5}}],"line":35}},"s":{"0":6,"1":6,"2":6,"3":6,"4":6,"5":6,"6":6,"7":2,"8":2,"9":2,"10":2,"11":6},"f":{"0":6,"1":6,"2":2},"b":{"0":[2,0],"1":[2,0]},"_coverageSchema":"1a1c01bbd47fc00a2c39e90264f33305004495a9","hash":"ed0ace8c2a9443d811771d733aaf78b570073577"}
,"/home/charles/Hacktiv8/Phase3/TEST-CASE/server/models/nanny.js": {"path":"/home/charles/Hacktiv8/Phase3/TEST-CASE/server/models/nanny.js","statementMap":{"0":{"start":{"line":2,"column":18},"end":{"line":2,"column":38}},"1":{"start":{"line":3,"column":0},"end":{"line":188,"column":2}},"2":{"start":{"line":12,"column":6},"end":{"line":12,"column":37}},"3":{"start":{"line":13,"column":6},"end":{"line":13,"column":37}},"4":{"start":{"line":14,"column":6},"end":{"line":14,"column":72}},"5":{"start":{"line":15,"column":6},"end":{"line":18,"column":9}},"6":{"start":{"line":19,"column":6},"end":{"line":22,"column":9}},"7":{"start":{"line":25,"column":2},"end":{"line":177,"column":4}},"8":{"start":{"line":179,"column":2},"end":{"line":186,"column":4}},"9":{"start":{"line":180,"column":4},"end":{"line":182,"column":5}},"10":{"start":{"line":181,"column":6},"end":{"line":181,"column":27}},"11":{"start":{"line":183,"column":4},"end":{"line":185,"column":5}},"12":{"start":{"line":184,"column":6},"end":{"line":184,"column":34}},"13":{"start":{"line":187,"column":2},"end":{"line":187,"column":15}}},"fnMap":{"0":{"name":"(anonymous_0)","decl":{"start":{"line":3,"column":17},"end":{"line":3,"column":18}},"loc":{"start":{"line":3,"column":43},"end":{"line":188,"column":1}},"line":3},"1":{"name":"(anonymous_1)","decl":{"start":{"line":10,"column":4},"end":{"line":10,"column":5}},"loc":{"start":{"line":10,"column":29},"end":{"line":23,"column":5}},"line":10},"2":{"name":"(anonymous_2)","decl":{"start":{"line":179,"column":21},"end":{"line":179,"column":22}},"loc":{"start":{"line":179,"column":44},"end":{"line":186,"column":3}},"line":179}},"branchMap":{"0":{"loc":{"start":{"line":180,"column":4},"end":{"line":182,"column":5}},"type":"if","locations":[{"start":{"line":180,"column":4},"end":{"line":182,"column":5}},{"start":{"line":180,"column":4},"end":{"line":182,"column":5}}],"line":180},"1":{"loc":{"start":{"line":183,"column":4},"end":{"line":185,"column":5}},"type":"if","locations":[{"start":{"line":183,"column":4},"end":{"line":185,"column":5}},{"start":{"line":183,"column":4},"end":{"line":185,"column":5}}],"line":183}},"s":{"0":6,"1":6,"2":6,"3":6,"4":6,"5":6,"6":6,"7":6,"8":6,"9":4,"10":3,"11":4,"12":4,"13":6},"f":{"0":6,"1":6,"2":4},"b":{"0":[3,1],"1":[4,0]},"_coverageSchema":"1a1c01bbd47fc00a2c39e90264f33305004495a9","hash":"58d54fc7fb12c1d1a752278e5326a0f18110b328"}
,"/home/charles/Hacktiv8/Phase3/TEST-CASE/server/models/nannychild.js": {"path":"/home/charles/Hacktiv8/Phase3/TEST-CASE/server/models/nannychild.js","statementMap":{"0":{"start":{"line":5,"column":4},"end":{"line":5,"column":24}},"1":{"start":{"line":6,"column":0},"end":{"line":31,"column":2}},"2":{"start":{"line":7,"column":24},"end":{"line":7,"column":33}},"3":{"start":{"line":8,"column":20},"end":{"line":8,"column":29}},"4":{"start":{"line":16,"column":6},"end":{"line":16,"column":84}},"5":{"start":{"line":17,"column":6},"end":{"line":17,"column":84}},"6":{"start":{"line":22,"column":2},"end":{"line":28,"column":5}},"7":{"start":{"line":29,"column":2},"end":{"line":29,"column":20}}},"fnMap":{"0":{"name":"(anonymous_0)","decl":{"start":{"line":6,"column":17},"end":{"line":6,"column":18}},"loc":{"start":{"line":6,"column":43},"end":{"line":31,"column":1}},"line":6},"1":{"name":"(anonymous_1)","decl":{"start":{"line":15,"column":4},"end":{"line":15,"column":5}},"loc":{"start":{"line":15,"column":29},"end":{"line":20,"column":5}},"line":15}},"branchMap":{},"s":{"0":6,"1":6,"2":6,"3":6,"4":6,"5":6,"6":6,"7":6},"f":{"0":6,"1":6},"b":{},"_coverageSchema":"1a1c01bbd47fc00a2c39e90264f33305004495a9","hash":"b6668a3a8be6d02c442de4f3fb0e82df998cdcd1"}
,"/home/charles/Hacktiv8/Phase3/TEST-CASE/server/models/nannywishlist.js": {"path":"/home/charles/Hacktiv8/Phase3/TEST-CASE/server/models/nannywishlist.js","statementMap":{"0":{"start":{"line":2,"column":0},"end":{"line":24,"column":2}},"1":{"start":{"line":3,"column":24},"end":{"line":19,"column":3}},"2":{"start":{"line":20,"column":2},"end":{"line":22,"column":4}},"3":{"start":{"line":21,"column":4},"end":{"line":21,"column":43}},"4":{"start":{"line":23,"column":2},"end":{"line":23,"column":23}}},"fnMap":{"0":{"name":"(anonymous_0)","decl":{"start":{"line":2,"column":17},"end":{"line":2,"column":18}},"loc":{"start":{"line":2,"column":43},"end":{"line":24,"column":1}},"line":2},"1":{"name":"(anonymous_1)","decl":{"start":{"line":20,"column":28},"end":{"line":20,"column":29}},"loc":{"start":{"line":20,"column":46},"end":{"line":22,"column":3}},"line":20}},"branchMap":{},"s":{"0":6,"1":6,"2":6,"3":6,"4":6},"f":{"0":6,"1":6},"b":{},"_coverageSchema":"1a1c01bbd47fc00a2c39e90264f33305004495a9","hash":"92c86404d672ad5964f1c558673980f69ccc0289"}
,"/home/charles/Hacktiv8/Phase3/TEST-CASE/server/models/parent.js": {"path":"/home/charles/Hacktiv8/Phase3/TEST-CASE/server/models/parent.js","statementMap":{"0":{"start":{"line":2,"column":18},"end":{"line":2,"column":38}},"1":{"start":{"line":3,"column":17},"end":{"line":3,"column":46}},"2":{"start":{"line":5,"column":0},"end":{"line":159,"column":2}},"3":{"start":{"line":14,"column":6},"end":{"line":14,"column":35}},"4":{"start":{"line":15,"column":6},"end":{"line":15,"column":35}},"5":{"start":{"line":16,"column":6},"end":{"line":16,"column":69}},"6":{"start":{"line":17,"column":6},"end":{"line":17,"column":71}},"7":{"start":{"line":20,"column":2},"end":{"line":151,"column":4}},"8":{"start":{"line":153,"column":2},"end":{"line":157,"column":5}},"9":{"start":{"line":154,"column":17},"end":{"line":154,"column":35}},"10":{"start":{"line":155,"column":4},"end":{"line":155,"column":22}},"11":{"start":{"line":156,"column":4},"end":{"line":156,"column":29}},"12":{"start":{"line":158,"column":2},"end":{"line":158,"column":16}}},"fnMap":{"0":{"name":"(anonymous_0)","decl":{"start":{"line":5,"column":17},"end":{"line":5,"column":18}},"loc":{"start":{"line":5,"column":43},"end":{"line":159,"column":1}},"line":5},"1":{"name":"(anonymous_1)","decl":{"start":{"line":12,"column":4},"end":{"line":12,"column":5}},"loc":{"start":{"line":12,"column":29},"end":{"line":18,"column":5}},"line":12},"2":{"name":"(anonymous_2)","decl":{"start":{"line":153,"column":22},"end":{"line":153,"column":23}},"loc":{"start":{"line":153,"column":44},"end":{"line":157,"column":3}},"line":153}},"branchMap":{},"s":{"0":6,"1":6,"2":6,"3":6,"4":6,"5":6,"6":6,"7":6,"8":6,"9":5,"10":5,"11":5,"12":6},"f":{"0":6,"1":6,"2":5},"b":{},"_coverageSchema":"1a1c01bbd47fc00a2c39e90264f33305004495a9","hash":"dbb224e49268c09c0c4ac360a9b62d262c045697"}
,"/home/charles/Hacktiv8/Phase3/TEST-CASE/server/routes/agency.js": {"path":"/home/charles/Hacktiv8/Phase3/TEST-CASE/server/routes/agency.js","statementMap":{"0":{"start":{"line":1,"column":15},"end":{"line":1,"column":42}},"1":{"start":{"line":2,"column":25},"end":{"line":2,"column":67}},"2":{"start":{"line":4,"column":0},"end":{"line":4,"column":57}},"3":{"start":{"line":5,"column":0},"end":{"line":5,"column":51}},"4":{"start":{"line":6,"column":0},"end":{"line":6,"column":48}},"5":{"start":{"line":7,"column":0},"end":{"line":7,"column":50}},"6":{"start":{"line":8,"column":0},"end":{"line":8,"column":53}},"7":{"start":{"line":9,"column":0},"end":{"line":9,"column":50}},"8":{"start":{"line":12,"column":0},"end":{"line":12,"column":23}}},"fnMap":{},"branchMap":{},"s":{"0":6,"1":6,"2":6,"3":6,"4":6,"5":6,"6":6,"7":6,"8":6},"f":{},"b":{},"_coverageSchema":"1a1c01bbd47fc00a2c39e90264f33305004495a9","hash":"b7e849df334d0911044d289b50842152dc122dcf"}
,"/home/charles/Hacktiv8/Phase3/TEST-CASE/server/routes/child.js": {"path":"/home/charles/Hacktiv8/Phase3/TEST-CASE/server/routes/child.js","statementMap":{"0":{"start":{"line":1,"column":15},"end":{"line":1,"column":42}},"1":{"start":{"line":2,"column":24},"end":{"line":2,"column":65}},"2":{"start":{"line":3,"column":33},"end":{"line":3,"column":73}},"3":{"start":{"line":6,"column":0},"end":{"line":6,"column":47}},"4":{"start":{"line":9,"column":0},"end":{"line":9,"column":32}},"5":{"start":{"line":10,"column":0},"end":{"line":10,"column":42}},"6":{"start":{"line":14,"column":0},"end":{"line":14,"column":23}}},"fnMap":{},"branchMap":{},"s":{"0":6,"1":6,"2":6,"3":6,"4":6,"5":6,"6":6},"f":{},"b":{},"_coverageSchema":"1a1c01bbd47fc00a2c39e90264f33305004495a9","hash":"9d8fd09042a4908e9dd63b1da9844708b315226b"}
,"/home/charles/Hacktiv8/Phase3/TEST-CASE/server/routes/index.js": {"path":"/home/charles/Hacktiv8/Phase3/TEST-CASE/server/routes/index.js","statementMap":{"0":{"start":{"line":1,"column":15},"end":{"line":1,"column":42}},"1":{"start":{"line":2,"column":20},"end":{"line":2,"column":39}},"2":{"start":{"line":3,"column":19},"end":{"line":3,"column":37}},"3":{"start":{"line":4,"column":20},"end":{"line":4,"column":39}},"4":{"start":{"line":5,"column":19},"end":{"line":5,"column":37}},"5":{"start":{"line":6,"column":22},"end":{"line":6,"column":43}},"6":{"start":{"line":7,"column":21},"end":{"line":7,"column":41}},"7":{"start":{"line":10,"column":0},"end":{"line":10,"column":34}},"8":{"start":{"line":11,"column":0},"end":{"line":11,"column":32}},"9":{"start":{"line":12,"column":0},"end":{"line":12,"column":34}},"10":{"start":{"line":13,"column":0},"end":{"line":13,"column":32}},"11":{"start":{"line":14,"column":0},"end":{"line":14,"column":38}},"12":{"start":{"line":15,"column":0},"end":{"line":15,"column":36}},"13":{"start":{"line":18,"column":0},"end":{"line":18,"column":23}}},"fnMap":{},"branchMap":{},"s":{"0":6,"1":6,"2":6,"3":6,"4":6,"5":6,"6":6,"7":6,"8":6,"9":6,"10":6,"11":6,"12":6,"13":6},"f":{},"b":{},"_coverageSchema":"1a1c01bbd47fc00a2c39e90264f33305004495a9","hash":"dffacb8c0f12206f1bb93b806d9517ab6087b1b1"}
,"/home/charles/Hacktiv8/Phase3/TEST-CASE/server/routes/message.js": {"path":"/home/charles/Hacktiv8/Phase3/TEST-CASE/server/routes/message.js","statementMap":{"0":{"start":{"line":1,"column":15},"end":{"line":1,"column":42}},"1":{"start":{"line":5,"column":4},"end":{"line":5,"column":44}},"2":{"start":{"line":6,"column":26},"end":{"line":6,"column":69}},"3":{"start":{"line":8,"column":0},"end":{"line":8,"column":80}},"4":{"start":{"line":9,"column":0},"end":{"line":9,"column":79}},"5":{"start":{"line":10,"column":0},"end":{"line":14,"column":2}},"6":{"start":{"line":15,"column":0},"end":{"line":19,"column":2}},"7":{"start":{"line":21,"column":0},"end":{"line":25,"column":2}},"8":{"start":{"line":26,"column":0},"end":{"line":30,"column":2}},"9":{"start":{"line":32,"column":0},"end":{"line":36,"column":2}},"10":{"start":{"line":37,"column":0},"end":{"line":41,"column":2}},"11":{"start":{"line":43,"column":0},"end":{"line":43,"column":24}}},"fnMap":{},"branchMap":{},"s":{"0":6,"1":6,"2":6,"3":6,"4":6,"5":6,"6":6,"7":6,"8":6,"9":6,"10":6,"11":6},"f":{},"b":{},"_coverageSchema":"1a1c01bbd47fc00a2c39e90264f33305004495a9","hash":"983b8c5ed56ebfb7ad7c8a13cf4da73df4ddce15"}
,"/home/charles/Hacktiv8/Phase3/TEST-CASE/server/routes/nanny.js": {"path":"/home/charles/Hacktiv8/Phase3/TEST-CASE/server/routes/nanny.js","statementMap":{"0":{"start":{"line":1,"column":15},"end":{"line":1,"column":42}},"1":{"start":{"line":2,"column":24},"end":{"line":2,"column":65}},"2":{"start":{"line":6,"column":4},"end":{"line":6,"column":44}},"3":{"start":{"line":7,"column":32},"end":{"line":7,"column":71}},"4":{"start":{"line":9,"column":0},"end":{"line":9,"column":56}},"5":{"start":{"line":10,"column":0},"end":{"line":10,"column":47}},"6":{"start":{"line":13,"column":0},"end":{"line":17,"column":2}},"7":{"start":{"line":18,"column":0},"end":{"line":18,"column":49}},"8":{"start":{"line":20,"column":0},"end":{"line":20,"column":33}},"9":{"start":{"line":21,"column":0},"end":{"line":21,"column":43}},"10":{"start":{"line":23,"column":0},"end":{"line":23,"column":73}},"11":{"start":{"line":24,"column":0},"end":{"line":24,"column":71}},"12":{"start":{"line":25,"column":0},"end":{"line":29,"column":2}},"13":{"start":{"line":31,"column":0},"end":{"line":31,"column":24}}},"fnMap":{},"branchMap":{},"s":{"0":6,"1":6,"2":6,"3":6,"4":6,"5":6,"6":6,"7":6,"8":6,"9":6,"10":6,"11":6,"12":6,"13":6},"f":{},"b":{},"_coverageSchema":"1a1c01bbd47fc00a2c39e90264f33305004495a9","hash":"6ceeba9895bedee4b32639b153520ad83644c74d"}
,"/home/charles/Hacktiv8/Phase3/TEST-CASE/server/routes/parent.js": {"path":"/home/charles/Hacktiv8/Phase3/TEST-CASE/server/routes/parent.js","statementMap":{"0":{"start":{"line":1,"column":15},"end":{"line":1,"column":42}},"1":{"start":{"line":2,"column":25},"end":{"line":2,"column":67}},"2":{"start":{"line":3,"column":33},"end":{"line":3,"column":73}},"3":{"start":{"line":4,"column":38},"end":{"line":4,"column":77}},"4":{"start":{"line":6,"column":0},"end":{"line":6,"column":58}},"5":{"start":{"line":7,"column":0},"end":{"line":7,"column":52}},"6":{"start":{"line":8,"column":0},"end":{"line":8,"column":48}},"7":{"start":{"line":10,"column":0},"end":{"line":10,"column":51}},"8":{"start":{"line":11,"column":0},"end":{"line":11,"column":33}},"9":{"start":{"line":12,"column":0},"end":{"line":15,"column":2}},"10":{"start":{"line":16,"column":0},"end":{"line":16,"column":51}},"11":{"start":{"line":18,"column":0},"end":{"line":18,"column":24}}},"fnMap":{},"branchMap":{},"s":{"0":6,"1":6,"2":6,"3":6,"4":6,"5":6,"6":6,"7":6,"8":6,"9":6,"10":6,"11":6},"f":{},"b":{},"_coverageSchema":"1a1c01bbd47fc00a2c39e90264f33305004495a9","hash":"4510e11b5c81464b10f78ca1ba1b30d8bb010b14"}
,"/home/charles/Hacktiv8/Phase3/TEST-CASE/server/routes/wishlist.js": {"path":"/home/charles/Hacktiv8/Phase3/TEST-CASE/server/routes/wishlist.js","statementMap":{"0":{"start":{"line":1,"column":15},"end":{"line":1,"column":42}},"1":{"start":{"line":2,"column":27},"end":{"line":2,"column":71}},"2":{"start":{"line":4,"column":33},"end":{"line":4,"column":73}},"3":{"start":{"line":5,"column":25},"end":{"line":5,"column":64}},"4":{"start":{"line":7,"column":0},"end":{"line":7,"column":33}},"5":{"start":{"line":8,"column":0},"end":{"line":8,"column":51}},"6":{"start":{"line":9,"column":0},"end":{"line":9,"column":63}},"7":{"start":{"line":10,"column":0},"end":{"line":10,"column":78}},"8":{"start":{"line":12,"column":0},"end":{"line":12,"column":24}}},"fnMap":{},"branchMap":{},"s":{"0":6,"1":6,"2":6,"3":6,"4":6,"5":6,"6":6,"7":6,"8":6},"f":{},"b":{},"_coverageSchema":"1a1c01bbd47fc00a2c39e90264f33305004495a9","hash":"f590700a313617d19272cb78551d947e39493d87"}
}
