TN:
SF:app.js
FN:22,(anonymous_0)
FN:23,(anonymous_1)
FN:26,(anonymous_2)
FN:30,(anonymous_3)
FN:33,(anonymous_4)
FN:36,(anonymous_5)
FN:39,(anonymous_6)
FN:42,(anonymous_7)
FN:45,(anonymous_8)
FN:49,(anonymous_9)
FN:53,(anonymous_10)
FN:56,(anonymous_11)
FN:59,(anonymous_12)
FN:65,(anonymous_13)
FNF:14
FNH:0
FNDA:0,(anonymous_0)
FNDA:0,(anonymous_1)
FNDA:0,(anonymous_2)
FNDA:0,(anonymous_3)
FNDA:0,(anonymous_4)
FNDA:0,(anonymous_5)
FNDA:0,(anonymous_6)
FNDA:0,(anonymous_7)
FNDA:0,(anonymous_8)
FNDA:0,(anonymous_9)
FNDA:0,(anonymous_10)
FNDA:0,(anonymous_11)
FNDA:0,(anonymous_12)
FNDA:0,(anonymous_13)
DA:2,6
DA:3,6
DA:4,6
DA:5,6
DA:6,6
DA:8,6
DA:9,6
DA:14,6
DA:15,6
DA:16,6
DA:17,6
DA:18,6
DA:19,6
DA:20,6
DA:22,6
DA:23,0
DA:24,0
DA:26,0
DA:27,0
DA:28,0
DA:30,0
DA:31,0
DA:33,0
DA:34,0
DA:36,0
DA:37,0
DA:39,0
DA:40,0
DA:42,0
DA:43,0
DA:45,0
DA:46,0
DA:47,0
DA:49,0
DA:50,0
DA:51,0
DA:53,0
DA:54,0
DA:56,0
DA:57,0
DA:59,0
DA:60,0
DA:64,6
DA:65,0
DA:66,0
DA:70,6
LF:46
LH:17
BRDA:5,0,0,6
BRDA:5,0,1,6
BRDA:64,1,0,0
BRDA:64,1,1,6
BRF:4
BRH:3
end_of_record
TN:
SF:controllers/agencyController.js
FN:7,(anonymous_0)
FN:26,(anonymous_1)
FN:35,(anonymous_2)
FN:38,(anonymous_3)
FN:64,(anonymous_4)
FN:77,(anonymous_5)
FN:86,(anonymous_6)
FN:89,(anonymous_7)
FN:102,(anonymous_8)
FN:114,(anonymous_9)
FN:133,(anonymous_10)
FN:144,(anonymous_11)
FN:147,(anonymous_12)
FN:154,(anonymous_13)
FNF:14
FNH:14
FNDA:1,(anonymous_0)
FNDA:1,(anonymous_1)
FNDA:1,(anonymous_2)
FNDA:1,(anonymous_3)
FNDA:1,(anonymous_4)
FNDA:1,(anonymous_5)
FNDA:2,(anonymous_6)
FNDA:2,(anonymous_7)
FNDA:1,(anonymous_8)
FNDA:1,(anonymous_9)
FNDA:1,(anonymous_10)
FNDA:1,(anonymous_11)
FNDA:1,(anonymous_12)
FNDA:1,(anonymous_13)
DA:1,6
DA:2,6
DA:3,6
DA:4,6
DA:16,1
DA:17,1
DA:27,1
DA:36,1
DA:37,1
DA:39,1
DA:40,0
DA:42,1
DA:43,1
DA:65,1
DA:78,1
DA:87,2
DA:88,2
DA:90,2
DA:91,1
DA:93,1
DA:103,1
DA:112,1
DA:113,1
DA:115,1
DA:116,0
DA:118,1
DA:119,1
DA:134,1
DA:135,1
DA:145,1
DA:146,1
DA:148,1
DA:149,0
DA:151,1
DA:155,1
DA:156,1
DA:166,6
LF:37
LH:34
BRDA:39,0,0,0
BRDA:39,0,1,1
BRDA:39,1,0,1
BRDA:39,1,1,1
BRDA:90,2,0,1
BRDA:90,2,1,1
BRDA:115,3,0,0
BRDA:115,3,1,1
BRDA:134,4,0,1
BRDA:134,4,1,0
BRDA:148,5,0,0
BRDA:148,5,1,1
BRDA:155,6,0,1
BRDA:155,6,1,0
BRF:14
BRH:9
end_of_record
TN:
SF:controllers/childController.js
FN:4,(anonymous_0)
FN:15,(anonymous_1)
FN:18,(anonymous_2)
FN:23,(anonymous_3)
FN:28,(anonymous_4)
FN:31,(anonymous_5)
FNF:6
FNH:4
FNDA:1,(anonymous_0)
FNDA:1,(anonymous_1)
FNDA:0,(anonymous_2)
FNDA:1,(anonymous_3)
FNDA:1,(anonymous_4)
FNDA:0,(anonymous_5)
DA:1,6
DA:5,1
DA:16,1
DA:19,0
DA:24,1
DA:25,1
DA:27,1
DA:29,1
DA:32,0
DA:37,6
LF:10
LH:8
BRF:0
BRH:0
end_of_record
TN:
SF:controllers/messageController.js
FN:3,(anonymous_0)
FN:16,(anonymous_1)
FN:42,(anonymous_2)
FN:55,(anonymous_3)
FN:80,(anonymous_4)
FN:88,(anonymous_5)
FN:92,(anonymous_6)
FN:100,(anonymous_7)
FN:104,(anonymous_8)
FN:109,(anonymous_9)
FN:112,(anonymous_10)
FN:116,(anonymous_11)
FN:121,(anonymous_12)
FN:125,(anonymous_13)
FN:129,(anonymous_14)
FN:133,(anonymous_15)
FN:137,(anonymous_16)
FNF:17
FNH:16
FNDA:1,(anonymous_0)
FNDA:1,(anonymous_1)
FNDA:1,(anonymous_2)
FNDA:1,(anonymous_3)
FNDA:1,(anonymous_4)
FNDA:1,(anonymous_5)
FNDA:1,(anonymous_6)
FNDA:1,(anonymous_7)
FNDA:1,(anonymous_8)
FNDA:1,(anonymous_9)
FNDA:0,(anonymous_10)
FNDA:1,(anonymous_11)
FNDA:1,(anonymous_12)
FNDA:1,(anonymous_13)
FNDA:1,(anonymous_14)
FNDA:1,(anonymous_15)
FNDA:1,(anonymous_16)
DA:1,6
DA:4,1
DA:5,1
DA:17,1
DA:38,1
DA:43,1
DA:44,1
DA:56,1
DA:77,1
DA:81,1
DA:82,1
DA:83,1
DA:89,1
DA:93,1
DA:94,1
DA:95,1
DA:101,1
DA:105,1
DA:106,1
DA:107,1
DA:108,1
DA:110,1
DA:113,0
DA:117,1
DA:118,1
DA:119,1
DA:120,1
DA:122,1
DA:126,1
DA:127,1
DA:128,1
DA:130,1
DA:134,1
DA:135,1
DA:136,1
DA:138,1
DA:142,6
LF:37
LH:36
BRF:0
BRH:0
end_of_record
TN:
SF:controllers/nannyController.js
FN:4,(anonymous_0)
FN:22,(anonymous_1)
FN:27,(anonymous_2)
FN:49,(anonymous_3)
FN:54,(anonymous_4)
FN:78,(anonymous_5)
FN:83,(anonymous_6)
FN:89,(anonymous_7)
FN:98,(anonymous_8)
FN:111,(anonymous_9)
FN:130,(anonymous_10)
FN:139,(anonymous_11)
FN:142,(anonymous_12)
FN:149,(anonymous_13)
FN:158,(anonymous_14)
FN:161,(anonymous_15)
FN:170,(anonymous_16)
FN:189,(anonymous_17)
FNF:18
FNH:18
FNDA:1,(anonymous_0)
FNDA:1,(anonymous_1)
FNDA:1,(anonymous_2)
FNDA:1,(anonymous_3)
FNDA:1,(anonymous_4)
FNDA:1,(anonymous_5)
FNDA:1,(anonymous_6)
FNDA:1,(anonymous_7)
FNDA:1,(anonymous_8)
FNDA:1,(anonymous_9)
FNDA:1,(anonymous_10)
FNDA:1,(anonymous_11)
FNDA:1,(anonymous_12)
FNDA:1,(anonymous_13)
FNDA:1,(anonymous_14)
FNDA:1,(anonymous_15)
FNDA:1,(anonymous_16)
FNDA:1,(anonymous_17)
DA:1,6
DA:5,1
DA:23,1
DA:37,1
DA:39,1
DA:50,1
DA:64,1
DA:65,1
DA:67,1
DA:79,1
DA:84,1
DA:85,1
DA:90,1
DA:91,0
DA:93,1
DA:108,1
DA:109,1
DA:110,1
DA:112,1
DA:113,0
DA:115,1
DA:131,1
DA:132,1
DA:134,0
DA:140,1
DA:141,1
DA:143,1
DA:144,0
DA:146,1
DA:150,1
DA:151,1
DA:153,0
DA:159,1
DA:160,1
DA:162,1
DA:163,1
DA:165,0
DA:171,1
DA:172,1
DA:190,1
DA:196,6
LF:41
LH:35
BRDA:90,0,0,0
BRDA:90,0,1,1
BRDA:112,1,0,0
BRDA:112,1,1,1
BRDA:131,2,0,1
BRDA:131,2,1,0
BRDA:143,3,0,0
BRDA:143,3,1,1
BRDA:150,4,0,1
BRDA:150,4,1,0
BRDA:162,5,0,1
BRDA:162,5,1,0
BRF:12
BRH:6
end_of_record
TN:
SF:controllers/parentController.js
FN:6,(anonymous_0)
FN:27,(anonymous_1)
FN:32,(anonymous_2)
FN:39,(anonymous_3)
FN:62,(anonymous_4)
FN:76,(anonymous_5)
FN:81,(anonymous_6)
FN:84,(anonymous_7)
FN:93,(anonymous_8)
FN:106,(anonymous_9)
FN:126,(anonymous_10)
FN:133,(anonymous_11)
FN:136,(anonymous_12)
FNF:13
FNH:13
FNDA:1,(anonymous_0)
FNDA:1,(anonymous_1)
FNDA:2,(anonymous_2)
FNDA:2,(anonymous_3)
FNDA:1,(anonymous_4)
FNDA:1,(anonymous_5)
FNDA:1,(anonymous_6)
FNDA:1,(anonymous_7)
FNDA:1,(anonymous_8)
FNDA:1,(anonymous_9)
FNDA:1,(anonymous_10)
FNDA:1,(anonymous_11)
FNDA:1,(anonymous_12)
DA:1,6
DA:2,6
DA:3,6
DA:4,6
DA:16,1
DA:17,1
DA:28,1
DA:33,2
DA:34,2
DA:40,2
DA:41,1
DA:43,1
DA:44,1
DA:63,1
DA:77,1
DA:82,1
DA:83,1
DA:85,1
DA:86,0
DA:88,1
DA:103,1
DA:104,1
DA:105,1
DA:107,1
DA:108,0
DA:110,1
DA:111,1
DA:127,1
DA:128,1
DA:134,1
DA:135,1
DA:137,1
DA:138,1
DA:155,6
LF:34
LH:32
BRDA:40,0,0,1
BRDA:40,0,1,1
BRDA:40,1,0,2
BRDA:40,1,1,2
BRDA:85,2,0,0
BRDA:85,2,1,1
BRDA:107,3,0,0
BRDA:107,3,1,1
BRDA:127,4,0,1
BRDA:127,4,1,0
BRDA:137,5,0,1
BRDA:137,5,1,0
BRF:12
BRH:8
end_of_record
TN:
SF:controllers/wishlistController.js
FN:4,(anonymous_0)
FN:10,(anonymous_1)
FN:15,(anonymous_2)
FN:19,(anonymous_3)
FN:23,(anonymous_4)
FN:28,(anonymous_5)
FN:31,(anonymous_6)
FNF:7
FNH:7
FNDA:1,(anonymous_0)
FNDA:1,(anonymous_1)
FNDA:1,(anonymous_2)
FNDA:1,(anonymous_3)
FNDA:1,(anonymous_4)
FNDA:1,(anonymous_5)
FNDA:1,(anonymous_6)
DA:1,6
DA:5,1
DA:6,1
DA:11,1
DA:16,1
DA:17,1
DA:18,1
DA:20,1
DA:21,1
DA:24,1
DA:29,1
DA:30,1
DA:32,1
DA:37,6
LF:14
LH:14
BRF:0
BRH:0
end_of_record
TN:
SF:helper/compareSyncBcyrpt.js
FN:4,compareSyncBcrypt
FNF:1
FNH:1
FNDA:3,compareSyncBcrypt
DA:2,6
DA:5,3
DA:8,6
LF:3
LH:3
BRF:0
BRH:0
end_of_record
TN:
SF:helper/hashPass.js
FN:3,hashPass
FNF:1
FNH:1
FNDA:11,hashPass
DA:1,6
DA:4,11
DA:5,11
DA:6,11
DA:8,0
DA:12,6
LF:6
LH:5
BRF:0
BRH:0
end_of_record
TN:
SF:helper/jwtSign.js
FN:5,jwtSign
FNF:1
FNH:1
FNDA:8,jwtSign
DA:2,6
DA:3,6
DA:6,8
DA:11,8
DA:14,6
LF:5
LH:5
BRF:0
BRH:0
end_of_record
TN:
SF:helper/jwtVerify.js
FN:5,jwtVerify
FNF:1
FNH:1
FNDA:19,jwtVerify
DA:1,6
DA:3,6
DA:6,19
DA:9,6
LF:4
LH:4
BRF:0
BRH:0
end_of_record
TN:
SF:middlewares/authentication.js
FN:7,(anonymous_0)
FN:27,(anonymous_1)
FNF:2
FNH:2
FNDA:10,(anonymous_0)
FNDA:9,(anonymous_1)
DA:3,6
DA:7,6
DA:8,10
DA:10,10
DA:11,0
DA:14,10
DA:16,10
DA:17,10
DA:21,10
DA:23,0
DA:27,6
DA:28,9
DA:30,9
DA:31,0
DA:34,9
DA:35,9
DA:36,9
DA:38,9
DA:40,0
DA:44,6
LF:20
LH:16
BRDA:10,0,0,0
BRDA:10,0,1,10
BRDA:30,1,0,0
BRDA:30,1,1,9
BRF:4
BRH:2
end_of_record
TN:
SF:middlewares/authorization.js
FN:22,(anonymous_0)
FN:26,(anonymous_1)
FN:39,(anonymous_2)
FN:41,(anonymous_3)
FNF:4
FNH:4
FNDA:3,(anonymous_0)
FNDA:3,(anonymous_1)
FNDA:1,(anonymous_2)
FNDA:1,(anonymous_3)
DA:1,6
DA:22,6
DA:23,3
DA:25,3
DA:27,3
DA:28,0
DA:30,3
DA:39,6
DA:40,1
DA:42,1
DA:43,0
DA:45,1
DA:53,6
LF:13
LH:11
BRDA:27,0,0,0
BRDA:27,0,1,3
BRDA:42,1,0,0
BRDA:42,1,1,1
BRF:4
BRH:2
end_of_record
TN:
SF:middlewares/errorHandler.js
FN:3,errorHandler
FNF:1
FNH:1
FNDA:2,errorHandler
DA:1,6
DA:4,2
DA:5,2
DA:6,2
DA:7,2
DA:9,2
DA:10,1
DA:11,1
DA:12,1
DA:13,1
DA:14,1
DA:15,1
DA:16,1
DA:41,2
DA:47,6
LF:15
LH:15
BRDA:9,0,0,1
BRDA:9,0,1,1
BRDA:13,1,0,1
BRDA:13,1,1,0
BRF:4
BRH:3
end_of_record
TN:
SF:models/agency.js
FN:3,(anonymous_0)
FN:11,(anonymous_1)
FN:137,(anonymous_2)
FNF:3
FNH:3
FNDA:6,(anonymous_0)
FNDA:6,(anonymous_1)
FNDA:4,(anonymous_2)
DA:2,6
DA:3,6
DA:4,6
DA:13,6
DA:14,6
DA:15,6
DA:18,6
DA:137,6
DA:138,4
DA:139,4
DA:141,6
LF:11
LH:11
BRF:0
BRH:0
end_of_record
TN:
SF:models/child.js
FN:3,(anonymous_0)
FN:10,(anonymous_1)
FNF:2
FNH:2
FNDA:6,(anonymous_0)
FNDA:6,(anonymous_1)
DA:2,6
DA:3,6
DA:12,6
DA:13,6
DA:16,6
DA:96,6
LF:6
LH:6
BRF:0
BRH:0
end_of_record
TN:
SF:models/index.js
FN:20,(anonymous_0)
FN:23,(anonymous_1)
FN:28,(anonymous_2)
FNF:3
FNH:3
FNDA:48,(anonymous_0)
FNDA:42,(anonymous_1)
FNDA:42,(anonymous_2)
DA:3,6
DA:4,6
DA:5,6
DA:6,6
DA:7,6
DA:8,6
DA:9,6
DA:12,6
DA:13,0
DA:15,6
DA:18,6
DA:21,48
DA:24,42
DA:25,42
DA:28,6
DA:29,42
DA:30,42
DA:34,6
DA:35,6
DA:37,6
LF:20
LH:19
BRDA:7,0,0,6
BRDA:7,0,1,0
BRDA:12,1,0,0
BRDA:12,1,1,6
BRDA:21,2,0,48
BRDA:21,2,1,48
BRDA:21,2,2,42
BRDA:29,3,0,42
BRDA:29,3,1,0
BRF:9
BRH:6
end_of_record
TN:
SF:models/message.js
FN:4,(anonymous_0)
FN:11,(anonymous_1)
FN:31,(anonymous_2)
FNF:3
FNH:3
FNDA:6,(anonymous_0)
FNDA:6,(anonymous_1)
FNDA:2,(anonymous_2)
DA:2,6
DA:3,6
DA:4,6
DA:12,6
DA:13,6
DA:17,6
DA:31,6
DA:32,2
DA:33,2
DA:35,2
DA:36,2
DA:39,6
LF:12
LH:12
BRDA:32,0,0,2
BRDA:32,0,1,0
BRDA:35,1,0,2
BRDA:35,1,1,0
BRF:4
BRH:2
end_of_record
TN:
SF:models/nanny.js
FN:3,(anonymous_0)
FN:10,(anonymous_1)
FN:179,(anonymous_2)
FNF:3
FNH:3
FNDA:6,(anonymous_0)
FNDA:6,(anonymous_1)
FNDA:4,(anonymous_2)
DA:2,6
DA:3,6
DA:12,6
DA:13,6
DA:14,6
DA:15,6
DA:19,6
DA:25,6
DA:179,6
DA:180,4
DA:181,3
DA:183,4
DA:184,4
DA:187,6
LF:14
LH:14
BRDA:180,0,0,3
BRDA:180,0,1,1
BRDA:183,1,0,4
BRDA:183,1,1,0
BRF:4
BRH:3
end_of_record
TN:
SF:models/nannychild.js
FN:6,(anonymous_0)
FN:15,(anonymous_1)
FNF:2
FNH:2
FNDA:6,(anonymous_0)
FNDA:6,(anonymous_1)
DA:5,6
DA:6,6
DA:7,6
DA:8,6
DA:16,6
DA:17,6
DA:22,6
DA:29,6
LF:8
LH:8
BRF:0
BRH:0
end_of_record
TN:
SF:models/nannywishlist.js
FN:2,(anonymous_0)
FN:20,(anonymous_1)
FNF:2
FNH:2
FNDA:6,(anonymous_0)
FNDA:6,(anonymous_1)
DA:2,6
DA:3,6
DA:20,6
DA:21,6
DA:23,6
LF:5
LH:5
BRF:0
BRH:0
end_of_record
TN:
SF:models/parent.js
FN:5,(anonymous_0)
FN:12,(anonymous_1)
FN:153,(anonymous_2)
FNF:3
FNH:3
FNDA:6,(anonymous_0)
FNDA:6,(anonymous_1)
FNDA:5,(anonymous_2)
DA:2,6
DA:3,6
DA:5,6
DA:14,6
DA:15,6
DA:16,6
DA:17,6
DA:20,6
DA:153,6
DA:154,5
DA:155,5
DA:156,5
DA:158,6
LF:13
LH:13
BRF:0
BRH:0
end_of_record
TN:
SF:routes/agency.js
FNF:0
FNH:0
DA:1,6
DA:2,6
DA:4,6
DA:5,6
DA:6,6
DA:7,6
DA:8,6
DA:9,6
DA:12,6
LF:9
LH:9
BRF:0
BRH:0
end_of_record
TN:
SF:routes/child.js
FNF:0
FNH:0
DA:1,6
DA:2,6
DA:3,6
DA:6,6
DA:9,6
DA:10,6
DA:14,6
LF:7
LH:7
BRF:0
BRH:0
end_of_record
TN:
SF:routes/index.js
FNF:0
FNH:0
DA:1,6
DA:2,6
DA:3,6
DA:4,6
DA:5,6
DA:6,6
DA:7,6
DA:10,6
DA:11,6
DA:12,6
DA:13,6
DA:14,6
DA:15,6
DA:18,6
LF:14
LH:14
BRF:0
BRH:0
end_of_record
TN:
SF:routes/message.js
FNF:0
FNH:0
DA:1,6
DA:5,6
DA:6,6
DA:8,6
DA:9,6
DA:10,6
DA:15,6
DA:21,6
DA:26,6
DA:32,6
DA:37,6
DA:43,6
LF:12
LH:12
BRF:0
BRH:0
end_of_record
TN:
SF:routes/nanny.js
FNF:0
FNH:0
DA:1,6
DA:2,6
DA:6,6
DA:7,6
DA:9,6
DA:10,6
DA:13,6
DA:18,6
DA:20,6
DA:21,6
DA:23,6
DA:24,6
DA:25,6
DA:31,6
LF:14
LH:14
BRF:0
BRH:0
end_of_record
TN:
SF:routes/parent.js
FNF:0
FNH:0
DA:1,6
DA:2,6
DA:3,6
DA:4,6
DA:6,6
DA:7,6
DA:8,6
DA:10,6
DA:11,6
DA:12,6
DA:16,6
DA:18,6
LF:12
LH:12
BRF:0
BRH:0
end_of_record
TN:
SF:routes/wishlist.js
FNF:0
FNH:0
DA:1,6
DA:2,6
DA:4,6
DA:5,6
DA:7,6
DA:8,6
DA:9,6
DA:10,6
DA:12,6
LF:9
LH:9
BRF:0
BRH:0
end_of_record
